The target system is: Linux -  - aarch64
The host system is: Linux - 5.15.167.4-microsoft-standard-WSL2 - x86_64
Compiling the C compiler identification source file "CMakeCCompilerId.c" succeeded.
Compiler: /home/alex/toolchain/aarch64-buildroot-linux-gnu_sdk-buildroot-rk3576/bin/aarch64-buildroot-linux-gnu-gcc 
Build flags: 
Id flags:  

The output was:
0


Compilation of the C compiler identification source "CMakeCCompilerId.c" produced "a.out"

The C compiler identification is GNU, found in "/home/alex/Project/rk3576_LDlidar/build_debug/CMakeFiles/3.16.3/CompilerIdC/a.out"

Compiling the CXX compiler identification source file "CMakeCXXCompilerId.cpp" succeeded.
Compiler: /home/alex/toolchain/aarch64-buildroot-linux-gnu_sdk-buildroot-rk3576/bin/aarch64-buildroot-linux-gnu-g++ 
Build flags: 
Id flags:  

The output was:
0


Compilation of the CXX compiler identification source "CMakeCXXCompilerId.cpp" produced "a.out"

The CXX compiler identification is GNU, found in "/home/alex/Project/rk3576_LDlidar/build_debug/CMakeFiles/3.16.3/CompilerIdCXX/a.out"

Determining if the C compiler works passed with the following output:
Change Dir: /home/alex/Project/rk3576_LDlidar/build_debug/CMakeFiles/CMakeTmp

Run Build Command(s):/usr/bin/make cmTC_9d7c9/fast && /usr/bin/make -f CMakeFiles/cmTC_9d7c9.dir/build.make CMakeFiles/cmTC_9d7c9.dir/build
make[1]: Entering directory '/home/alex/Project/rk3576_LDlidar/build_debug/CMakeFiles/CMakeTmp'
Building C object CMakeFiles/cmTC_9d7c9.dir/testCCompiler.c.o
/home/alex/toolchain/aarch64-buildroot-linux-gnu_sdk-buildroot-rk3576/bin/aarch64-buildroot-linux-gnu-gcc    -o CMakeFiles/cmTC_9d7c9.dir/testCCompiler.c.o   -c /home/alex/Project/rk3576_LDlidar/build_debug/CMakeFiles/CMakeTmp/testCCompiler.c
Linking C executable cmTC_9d7c9
/usr/bin/cmake -E cmake_link_script CMakeFiles/cmTC_9d7c9.dir/link.txt --verbose=1
/home/alex/toolchain/aarch64-buildroot-linux-gnu_sdk-buildroot-rk3576/bin/aarch64-buildroot-linux-gnu-gcc      CMakeFiles/cmTC_9d7c9.dir/testCCompiler.c.o  -o cmTC_9d7c9 
make[1]: Leaving directory '/home/alex/Project/rk3576_LDlidar/build_debug/CMakeFiles/CMakeTmp'



Detecting C compiler ABI info compiled with the following output:
Change Dir: /home/alex/Project/rk3576_LDlidar/build_debug/CMakeFiles/CMakeTmp

Run Build Command(s):/usr/bin/make cmTC_fbbf6/fast && /usr/bin/make -f CMakeFiles/cmTC_fbbf6.dir/build.make CMakeFiles/cmTC_fbbf6.dir/build
make[1]: Entering directory '/home/alex/Project/rk3576_LDlidar/build_debug/CMakeFiles/CMakeTmp'
Building C object CMakeFiles/cmTC_fbbf6.dir/CMakeCCompilerABI.c.o
/home/alex/toolchain/aarch64-buildroot-linux-gnu_sdk-buildroot-rk3576/bin/aarch64-buildroot-linux-gnu-gcc   -v -o CMakeFiles/cmTC_fbbf6.dir/CMakeCCompilerABI.c.o   -c /usr/share/cmake-3.16/Modules/CMakeCCompilerABI.c
Using built-in specs.
COLLECT_GCC=/home/alex/toolchain/aarch64-buildroot-linux-gnu_sdk-buildroot-rk3576/bin/aarch64-buildroot-linux-gnu-gcc.br_real
Target: aarch64-buildroot-linux-gnu
Configured with: ./configure --prefix=/home/luke/onduty/t2081/buildroot/output/rockchip_rk3576_eufy/host --sysconfdir=/home/luke/onduty/t2081/buildroot/output/rockchip_rk3576_eufy/host/etc --enable-static --target=aarch64-buildroot-linux-gnu --with-sysroot=/home/luke/onduty/t2081/buildroot/output/rockchip_rk3576_eufy/host/aarch64-buildroot-linux-gnu/sysroot --enable-__cxa_atexit --with-gnu-ld --disable-libssp --disable-multilib --disable-decimal-float --enable-plugins --enable-lto --with-gmp=/home/luke/onduty/t2081/buildroot/output/rockchip_rk3576_eufy/host --with-mpc=/home/luke/onduty/t2081/buildroot/output/rockchip_rk3576_eufy/host --with-mpfr=/home/luke/onduty/t2081/buildroot/output/rockchip_rk3576_eufy/host --with-pkgversion='Buildroot -g7ed3d36905-dirty' --with-bugurl=http://bugs.buildroot.net/ --without-zstd --disable-libquadmath --disable-libquadmath-support --enable-tls --enable-threads --without-isl --without-cloog --with-abi=lp64 --with-cpu=cortex-a72.cortex-a53 --enable-languages=c,c++ --with-build-time-tools=/home/luke/onduty/t2081/buildroot/output/rockchip_rk3576_eufy/host/aarch64-buildroot-linux-gnu/bin --enable-shared --enable-libgomp
Thread model: posix
Supported LTO compression algorithms: zlib
gcc version 12.3.0 (Buildroot -g7ed3d36905-dirty) 
COLLECT_GCC_OPTIONS='--sysroot=/home/alex/toolchain/aarch64-buildroot-linux-gnu_sdk-buildroot-rk3576/aarch64-buildroot-linux-gnu/sysroot' '-fstack-protector-strong' '-fPIE' '-pie' '-v' '-o' 'CMakeFiles/cmTC_fbbf6.dir/CMakeCCompilerABI.c.o' '-c' '-mcpu=cortex-a72.cortex-a53' '-mlittle-endian' '-mabi=lp64' '-dumpdir' 'CMakeFiles/cmTC_fbbf6.dir/'
 /home/alex/toolchain/aarch64-buildroot-linux-gnu_sdk-buildroot-rk3576/bin/../libexec/gcc/aarch64-buildroot-linux-gnu/12.3.0/cc1 -quiet -v -iprefix /home/alex/toolchain/aarch64-buildroot-linux-gnu_sdk-buildroot-rk3576/bin/../lib/gcc/aarch64-buildroot-linux-gnu/12.3.0/ -isysroot /home/alex/toolchain/aarch64-buildroot-linux-gnu_sdk-buildroot-rk3576/aarch64-buildroot-linux-gnu/sysroot /usr/share/cmake-3.16/Modules/CMakeCCompilerABI.c -quiet -dumpdir CMakeFiles/cmTC_fbbf6.dir/ -dumpbase CMakeCCompilerABI.c.c -dumpbase-ext .c -mcpu=cortex-a72.cortex-a53 -mlittle-endian -mabi=lp64 -version -fstack-protector-strong -fPIE -o /tmp/ccMHcUMh.s
GNU C17 (Buildroot -g7ed3d36905-dirty) version 12.3.0 (aarch64-buildroot-linux-gnu)
	compiled by GNU C version 9.3.0, GMP version 6.3.0, MPFR version 4.1.1, MPC version 1.2.1, isl version none
GGC heuristics: --param ggc-min-expand=100 --param ggc-min-heapsize=131072
ignoring duplicate directory "/home/alex/toolchain/aarch64-buildroot-linux-gnu_sdk-buildroot-rk3576/bin/../lib/gcc/../../lib/gcc/aarch64-buildroot-linux-gnu/12.3.0/include"
ignoring nonexistent directory "/home/alex/toolchain/aarch64-buildroot-linux-gnu_sdk-buildroot-rk3576/aarch64-buildroot-linux-gnu/sysroot/usr/local/include"
ignoring duplicate directory "/home/alex/toolchain/aarch64-buildroot-linux-gnu_sdk-buildroot-rk3576/bin/../lib/gcc/../../lib/gcc/aarch64-buildroot-linux-gnu/12.3.0/include-fixed"
ignoring duplicate directory "/home/alex/toolchain/aarch64-buildroot-linux-gnu_sdk-buildroot-rk3576/bin/../lib/gcc/../../lib/gcc/aarch64-buildroot-linux-gnu/12.3.0/../../../../aarch64-buildroot-linux-gnu/include"
#include "..." search starts here:
#include <...> search starts here:
 /home/alex/toolchain/aarch64-buildroot-linux-gnu_sdk-buildroot-rk3576/bin/../lib/gcc/aarch64-buildroot-linux-gnu/12.3.0/include
 /home/alex/toolchain/aarch64-buildroot-linux-gnu_sdk-buildroot-rk3576/bin/../lib/gcc/aarch64-buildroot-linux-gnu/12.3.0/include-fixed
 /home/alex/toolchain/aarch64-buildroot-linux-gnu_sdk-buildroot-rk3576/bin/../lib/gcc/aarch64-buildroot-linux-gnu/12.3.0/../../../../aarch64-buildroot-linux-gnu/include
 /home/alex/toolchain/aarch64-buildroot-linux-gnu_sdk-buildroot-rk3576/aarch64-buildroot-linux-gnu/sysroot/usr/include
End of search list.
GNU C17 (Buildroot -g7ed3d36905-dirty) version 12.3.0 (aarch64-buildroot-linux-gnu)
	compiled by GNU C version 9.3.0, GMP version 6.3.0, MPFR version 4.1.1, MPC version 1.2.1, isl version none
GGC heuristics: --param ggc-min-expand=100 --param ggc-min-heapsize=131072
Compiler executable checksum: a3291d55bb3fa5455e1b8fab65987f7e
COLLECT_GCC_OPTIONS='--sysroot=/home/alex/toolchain/aarch64-buildroot-linux-gnu_sdk-buildroot-rk3576/aarch64-buildroot-linux-gnu/sysroot' '-fstack-protector-strong' '-fPIE' '-pie' '-v' '-o' 'CMakeFiles/cmTC_fbbf6.dir/CMakeCCompilerABI.c.o' '-c' '-mcpu=cortex-a72.cortex-a53' '-mlittle-endian' '-mabi=lp64' '-dumpdir' 'CMakeFiles/cmTC_fbbf6.dir/'
 /home/alex/toolchain/aarch64-buildroot-linux-gnu_sdk-buildroot-rk3576/bin/../lib/gcc/aarch64-buildroot-linux-gnu/12.3.0/../../../../aarch64-buildroot-linux-gnu/bin/as -v -EL -march=armv8-a+crc -mabi=lp64 -o CMakeFiles/cmTC_fbbf6.dir/CMakeCCompilerABI.c.o /tmp/ccMHcUMh.s
GNU assembler version 2.40 (aarch64-buildroot-linux-gnu) using BFD version (GNU Binutils) 2.40
COMPILER_PATH=/home/alex/toolchain/aarch64-buildroot-linux-gnu_sdk-buildroot-rk3576/bin/../libexec/gcc/aarch64-buildroot-linux-gnu/12.3.0/:/home/alex/toolchain/aarch64-buildroot-linux-gnu_sdk-buildroot-rk3576/bin/../libexec/gcc/:/home/alex/toolchain/aarch64-buildroot-linux-gnu_sdk-buildroot-rk3576/bin/../lib/gcc/aarch64-buildroot-linux-gnu/12.3.0/../../../../aarch64-buildroot-linux-gnu/bin/
LIBRARY_PATH=/home/alex/toolchain/aarch64-buildroot-linux-gnu_sdk-buildroot-rk3576/bin/../lib/gcc/aarch64-buildroot-linux-gnu/12.3.0/:/home/alex/toolchain/aarch64-buildroot-linux-gnu_sdk-buildroot-rk3576/bin/../lib/gcc/:/home/alex/toolchain/aarch64-buildroot-linux-gnu_sdk-buildroot-rk3576/bin/../lib/gcc/aarch64-buildroot-linux-gnu/12.3.0/../../../../aarch64-buildroot-linux-gnu/lib/../lib64/:/home/alex/toolchain/aarch64-buildroot-linux-gnu_sdk-buildroot-rk3576/aarch64-buildroot-linux-gnu/sysroot/lib/../lib64/:/home/alex/toolchain/aarch64-buildroot-linux-gnu_sdk-buildroot-rk3576/aarch64-buildroot-linux-gnu/sysroot/usr/lib/../lib64/:/home/alex/toolchain/aarch64-buildroot-linux-gnu_sdk-buildroot-rk3576/bin/../lib/gcc/aarch64-buildroot-linux-gnu/12.3.0/../../../../aarch64-buildroot-linux-gnu/lib/:/home/alex/toolchain/aarch64-buildroot-linux-gnu_sdk-buildroot-rk3576/aarch64-buildroot-linux-gnu/sysroot/lib/:/home/alex/toolchain/aarch64-buildroot-linux-gnu_sdk-buildroot-rk3576/aarch64-buildroot-linux-gnu/sysroot/usr/lib/
COLLECT_GCC_OPTIONS='--sysroot=/home/alex/toolchain/aarch64-buildroot-linux-gnu_sdk-buildroot-rk3576/aarch64-buildroot-linux-gnu/sysroot' '-fstack-protector-strong' '-fPIE' '-pie' '-v' '-o' 'CMakeFiles/cmTC_fbbf6.dir/CMakeCCompilerABI.c.o' '-c' '-mcpu=cortex-a72.cortex-a53' '-mlittle-endian' '-mabi=lp64' '-dumpdir' 'CMakeFiles/cmTC_fbbf6.dir/CMakeCCompilerABI.c.'
Linking C executable cmTC_fbbf6
/usr/bin/cmake -E cmake_link_script CMakeFiles/cmTC_fbbf6.dir/link.txt --verbose=1
/home/alex/toolchain/aarch64-buildroot-linux-gnu_sdk-buildroot-rk3576/bin/aarch64-buildroot-linux-gnu-gcc     -v CMakeFiles/cmTC_fbbf6.dir/CMakeCCompilerABI.c.o  -o cmTC_fbbf6 
Using built-in specs.
COLLECT_GCC=/home/alex/toolchain/aarch64-buildroot-linux-gnu_sdk-buildroot-rk3576/bin/aarch64-buildroot-linux-gnu-gcc.br_real
COLLECT_LTO_WRAPPER=/home/alex/toolchain/aarch64-buildroot-linux-gnu_sdk-buildroot-rk3576/bin/../libexec/gcc/aarch64-buildroot-linux-gnu/12.3.0/lto-wrapper
Target: aarch64-buildroot-linux-gnu
Configured with: ./configure --prefix=/home/luke/onduty/t2081/buildroot/output/rockchip_rk3576_eufy/host --sysconfdir=/home/luke/onduty/t2081/buildroot/output/rockchip_rk3576_eufy/host/etc --enable-static --target=aarch64-buildroot-linux-gnu --with-sysroot=/home/luke/onduty/t2081/buildroot/output/rockchip_rk3576_eufy/host/aarch64-buildroot-linux-gnu/sysroot --enable-__cxa_atexit --with-gnu-ld --disable-libssp --disable-multilib --disable-decimal-float --enable-plugins --enable-lto --with-gmp=/home/luke/onduty/t2081/buildroot/output/rockchip_rk3576_eufy/host --with-mpc=/home/luke/onduty/t2081/buildroot/output/rockchip_rk3576_eufy/host --with-mpfr=/home/luke/onduty/t2081/buildroot/output/rockchip_rk3576_eufy/host --with-pkgversion='Buildroot -g7ed3d36905-dirty' --with-bugurl=http://bugs.buildroot.net/ --without-zstd --disable-libquadmath --disable-libquadmath-support --enable-tls --enable-threads --without-isl --without-cloog --with-abi=lp64 --with-cpu=cortex-a72.cortex-a53 --enable-languages=c,c++ --with-build-time-tools=/home/luke/onduty/t2081/buildroot/output/rockchip_rk3576_eufy/host/aarch64-buildroot-linux-gnu/bin --enable-shared --enable-libgomp
Thread model: posix
Supported LTO compression algorithms: zlib
gcc version 12.3.0 (Buildroot -g7ed3d36905-dirty) 
COMPILER_PATH=/home/alex/toolchain/aarch64-buildroot-linux-gnu_sdk-buildroot-rk3576/bin/../libexec/gcc/aarch64-buildroot-linux-gnu/12.3.0/:/home/alex/toolchain/aarch64-buildroot-linux-gnu_sdk-buildroot-rk3576/bin/../libexec/gcc/:/home/alex/toolchain/aarch64-buildroot-linux-gnu_sdk-buildroot-rk3576/bin/../lib/gcc/aarch64-buildroot-linux-gnu/12.3.0/../../../../aarch64-buildroot-linux-gnu/bin/
LIBRARY_PATH=/home/alex/toolchain/aarch64-buildroot-linux-gnu_sdk-buildroot-rk3576/bin/../lib/gcc/aarch64-buildroot-linux-gnu/12.3.0/:/home/alex/toolchain/aarch64-buildroot-linux-gnu_sdk-buildroot-rk3576/bin/../lib/gcc/:/home/alex/toolchain/aarch64-buildroot-linux-gnu_sdk-buildroot-rk3576/bin/../lib/gcc/aarch64-buildroot-linux-gnu/12.3.0/../../../../aarch64-buildroot-linux-gnu/lib/../lib64/:/home/alex/toolchain/aarch64-buildroot-linux-gnu_sdk-buildroot-rk3576/aarch64-buildroot-linux-gnu/sysroot/lib/../lib64/:/home/alex/toolchain/aarch64-buildroot-linux-gnu_sdk-buildroot-rk3576/aarch64-buildroot-linux-gnu/sysroot/usr/lib/../lib64/:/home/alex/toolchain/aarch64-buildroot-linux-gnu_sdk-buildroot-rk3576/bin/../lib/gcc/aarch64-buildroot-linux-gnu/12.3.0/../../../../aarch64-buildroot-linux-gnu/lib/:/home/alex/toolchain/aarch64-buildroot-linux-gnu_sdk-buildroot-rk3576/aarch64-buildroot-linux-gnu/sysroot/lib/:/home/alex/toolchain/aarch64-buildroot-linux-gnu_sdk-buildroot-rk3576/aarch64-buildroot-linux-gnu/sysroot/usr/lib/
COLLECT_GCC_OPTIONS='--sysroot=/home/alex/toolchain/aarch64-buildroot-linux-gnu_sdk-buildroot-rk3576/aarch64-buildroot-linux-gnu/sysroot' '-fstack-protector-strong' '-fPIE' '-pie' '-v' '-o' 'cmTC_fbbf6' '-mcpu=cortex-a72.cortex-a53' '-mlittle-endian' '-mabi=lp64' '-dumpdir' 'cmTC_fbbf6.'
 /home/alex/toolchain/aarch64-buildroot-linux-gnu_sdk-buildroot-rk3576/bin/../libexec/gcc/aarch64-buildroot-linux-gnu/12.3.0/collect2 -plugin /home/alex/toolchain/aarch64-buildroot-linux-gnu_sdk-buildroot-rk3576/bin/../libexec/gcc/aarch64-buildroot-linux-gnu/12.3.0/liblto_plugin.so -plugin-opt=/home/alex/toolchain/aarch64-buildroot-linux-gnu_sdk-buildroot-rk3576/bin/../libexec/gcc/aarch64-buildroot-linux-gnu/12.3.0/lto-wrapper -plugin-opt=-fresolution=/tmp/ccNJzi6L.res -plugin-opt=-pass-through=-lgcc -plugin-opt=-pass-through=-lgcc_s -plugin-opt=-pass-through=-lc -plugin-opt=-pass-through=-lgcc -plugin-opt=-pass-through=-lgcc_s --sysroot=/home/alex/toolchain/aarch64-buildroot-linux-gnu_sdk-buildroot-rk3576/aarch64-buildroot-linux-gnu/sysroot --eh-frame-hdr -dynamic-linker /lib/ld-linux-aarch64.so.1 -X -EL -maarch64linux -pie -o cmTC_fbbf6 /home/alex/toolchain/aarch64-buildroot-linux-gnu_sdk-buildroot-rk3576/aarch64-buildroot-linux-gnu/sysroot/lib/../lib64/Scrt1.o /home/alex/toolchain/aarch64-buildroot-linux-gnu_sdk-buildroot-rk3576/aarch64-buildroot-linux-gnu/sysroot/lib/../lib64/crti.o /home/alex/toolchain/aarch64-buildroot-linux-gnu_sdk-buildroot-rk3576/bin/../lib/gcc/aarch64-buildroot-linux-gnu/12.3.0/crtbeginS.o -L/home/alex/toolchain/aarch64-buildroot-linux-gnu_sdk-buildroot-rk3576/bin/../lib/gcc/aarch64-buildroot-linux-gnu/12.3.0 -L/home/alex/toolchain/aarch64-buildroot-linux-gnu_sdk-buildroot-rk3576/bin/../lib/gcc -L/home/alex/toolchain/aarch64-buildroot-linux-gnu_sdk-buildroot-rk3576/bin/../lib/gcc/aarch64-buildroot-linux-gnu/12.3.0/../../../../aarch64-buildroot-linux-gnu/lib/../lib64 -L/home/alex/toolchain/aarch64-buildroot-linux-gnu_sdk-buildroot-rk3576/aarch64-buildroot-linux-gnu/sysroot/lib/../lib64 -L/home/alex/toolchain/aarch64-buildroot-linux-gnu_sdk-buildroot-rk3576/aarch64-buildroot-linux-gnu/sysroot/usr/lib/../lib64 -L/home/alex/toolchain/aarch64-buildroot-linux-gnu_sdk-buildroot-rk3576/bin/../lib/gcc/aarch64-buildroot-linux-gnu/12.3.0/../../../../aarch64-buildroot-linux-gnu/lib -L/home/alex/toolchain/aarch64-buildroot-linux-gnu_sdk-buildroot-rk3576/aarch64-buildroot-linux-gnu/sysroot/lib -L/home/alex/toolchain/aarch64-buildroot-linux-gnu_sdk-buildroot-rk3576/aarch64-buildroot-linux-gnu/sysroot/usr/lib -z max-page-size=4096 -z common-page-size=4096 -z now -z relro CMakeFiles/cmTC_fbbf6.dir/CMakeCCompilerABI.c.o -lgcc --push-state --as-needed -lgcc_s --pop-state -lc -lgcc --push-state --as-needed -lgcc_s --pop-state /home/alex/toolchain/aarch64-buildroot-linux-gnu_sdk-buildroot-rk3576/bin/../lib/gcc/aarch64-buildroot-linux-gnu/12.3.0/crtendS.o /home/alex/toolchain/aarch64-buildroot-linux-gnu_sdk-buildroot-rk3576/aarch64-buildroot-linux-gnu/sysroot/lib/../lib64/crtn.o
COLLECT_GCC_OPTIONS='--sysroot=/home/alex/toolchain/aarch64-buildroot-linux-gnu_sdk-buildroot-rk3576/aarch64-buildroot-linux-gnu/sysroot' '-fstack-protector-strong' '-fPIE' '-pie' '-v' '-o' 'cmTC_fbbf6' '-mcpu=cortex-a72.cortex-a53' '-mlittle-endian' '-mabi=lp64' '-dumpdir' 'cmTC_fbbf6.'
make[1]: Leaving directory '/home/alex/Project/rk3576_LDlidar/build_debug/CMakeFiles/CMakeTmp'



Parsed C implicit include dir info from above output: rv=done
  found start of include info
  found start of implicit include info
    add: [/home/alex/toolchain/aarch64-buildroot-linux-gnu_sdk-buildroot-rk3576/bin/../lib/gcc/aarch64-buildroot-linux-gnu/12.3.0/include]
    add: [/home/alex/toolchain/aarch64-buildroot-linux-gnu_sdk-buildroot-rk3576/bin/../lib/gcc/aarch64-buildroot-linux-gnu/12.3.0/include-fixed]
    add: [/home/alex/toolchain/aarch64-buildroot-linux-gnu_sdk-buildroot-rk3576/bin/../lib/gcc/aarch64-buildroot-linux-gnu/12.3.0/../../../../aarch64-buildroot-linux-gnu/include]
    add: [/home/alex/toolchain/aarch64-buildroot-linux-gnu_sdk-buildroot-rk3576/aarch64-buildroot-linux-gnu/sysroot/usr/include]
  end of search list found
  collapse include dir [/home/alex/toolchain/aarch64-buildroot-linux-gnu_sdk-buildroot-rk3576/bin/../lib/gcc/aarch64-buildroot-linux-gnu/12.3.0/include] ==> [/home/alex/toolchain/aarch64-buildroot-linux-gnu_sdk-buildroot-rk3576/lib/gcc/aarch64-buildroot-linux-gnu/12.3.0/include]
  collapse include dir [/home/alex/toolchain/aarch64-buildroot-linux-gnu_sdk-buildroot-rk3576/bin/../lib/gcc/aarch64-buildroot-linux-gnu/12.3.0/include-fixed] ==> [/home/alex/toolchain/aarch64-buildroot-linux-gnu_sdk-buildroot-rk3576/lib/gcc/aarch64-buildroot-linux-gnu/12.3.0/include-fixed]
  collapse include dir [/home/alex/toolchain/aarch64-buildroot-linux-gnu_sdk-buildroot-rk3576/bin/../lib/gcc/aarch64-buildroot-linux-gnu/12.3.0/../../../../aarch64-buildroot-linux-gnu/include] ==> [/home/alex/toolchain/aarch64-buildroot-linux-gnu_sdk-buildroot-rk3576/aarch64-buildroot-linux-gnu/include]
  collapse include dir [/home/alex/toolchain/aarch64-buildroot-linux-gnu_sdk-buildroot-rk3576/aarch64-buildroot-linux-gnu/sysroot/usr/include] ==> [/home/alex/toolchain/aarch64-buildroot-linux-gnu_sdk-buildroot-rk3576/aarch64-buildroot-linux-gnu/sysroot/usr/include]
  implicit include dirs: [/home/alex/toolchain/aarch64-buildroot-linux-gnu_sdk-buildroot-rk3576/lib/gcc/aarch64-buildroot-linux-gnu/12.3.0/include;/home/alex/toolchain/aarch64-buildroot-linux-gnu_sdk-buildroot-rk3576/lib/gcc/aarch64-buildroot-linux-gnu/12.3.0/include-fixed;/home/alex/toolchain/aarch64-buildroot-linux-gnu_sdk-buildroot-rk3576/aarch64-buildroot-linux-gnu/include;/home/alex/toolchain/aarch64-buildroot-linux-gnu_sdk-buildroot-rk3576/aarch64-buildroot-linux-gnu/sysroot/usr/include]


Parsed C implicit link information from above output:
  link line regex: [^( *|.*[/\])(aarch64-buildroot-linux-gnu-ld|CMAKE_LINK_STARTFILE-NOTFOUND|([^/\]+-)?ld|collect2)[^/\]*( |$)]
  ignore line: [Change Dir: /home/alex/Project/rk3576_LDlidar/build_debug/CMakeFiles/CMakeTmp]
  ignore line: []
  ignore line: [Run Build Command(s):/usr/bin/make cmTC_fbbf6/fast && /usr/bin/make -f CMakeFiles/cmTC_fbbf6.dir/build.make CMakeFiles/cmTC_fbbf6.dir/build]
  ignore line: [make[1]: Entering directory '/home/alex/Project/rk3576_LDlidar/build_debug/CMakeFiles/CMakeTmp']
  ignore line: [Building C object CMakeFiles/cmTC_fbbf6.dir/CMakeCCompilerABI.c.o]
  ignore line: [/home/alex/toolchain/aarch64-buildroot-linux-gnu_sdk-buildroot-rk3576/bin/aarch64-buildroot-linux-gnu-gcc   -v -o CMakeFiles/cmTC_fbbf6.dir/CMakeCCompilerABI.c.o   -c /usr/share/cmake-3.16/Modules/CMakeCCompilerABI.c]
  ignore line: [Using built-in specs.]
  ignore line: [COLLECT_GCC=/home/alex/toolchain/aarch64-buildroot-linux-gnu_sdk-buildroot-rk3576/bin/aarch64-buildroot-linux-gnu-gcc.br_real]
  ignore line: [Target: aarch64-buildroot-linux-gnu]
  ignore line: [Configured with: ./configure --prefix=/home/luke/onduty/t2081/buildroot/output/rockchip_rk3576_eufy/host --sysconfdir=/home/luke/onduty/t2081/buildroot/output/rockchip_rk3576_eufy/host/etc --enable-static --target=aarch64-buildroot-linux-gnu --with-sysroot=/home/luke/onduty/t2081/buildroot/output/rockchip_rk3576_eufy/host/aarch64-buildroot-linux-gnu/sysroot --enable-__cxa_atexit --with-gnu-ld --disable-libssp --disable-multilib --disable-decimal-float --enable-plugins --enable-lto --with-gmp=/home/luke/onduty/t2081/buildroot/output/rockchip_rk3576_eufy/host --with-mpc=/home/luke/onduty/t2081/buildroot/output/rockchip_rk3576_eufy/host --with-mpfr=/home/luke/onduty/t2081/buildroot/output/rockchip_rk3576_eufy/host --with-pkgversion='Buildroot -g7ed3d36905-dirty' --with-bugurl=http://bugs.buildroot.net/ --without-zstd --disable-libquadmath --disable-libquadmath-support --enable-tls --enable-threads --without-isl --without-cloog --with-abi=lp64 --with-cpu=cortex-a72.cortex-a53 --enable-languages=c,c++ --with-build-time-tools=/home/luke/onduty/t2081/buildroot/output/rockchip_rk3576_eufy/host/aarch64-buildroot-linux-gnu/bin --enable-shared --enable-libgomp]
  ignore line: [Thread model: posix]
  ignore line: [Supported LTO compression algorithms: zlib]
  ignore line: [gcc version 12.3.0 (Buildroot -g7ed3d36905-dirty) ]
  ignore line: [COLLECT_GCC_OPTIONS='--sysroot=/home/alex/toolchain/aarch64-buildroot-linux-gnu_sdk-buildroot-rk3576/aarch64-buildroot-linux-gnu/sysroot' '-fstack-protector-strong' '-fPIE' '-pie' '-v' '-o' 'CMakeFiles/cmTC_fbbf6.dir/CMakeCCompilerABI.c.o' '-c' '-mcpu=cortex-a72.cortex-a53' '-mlittle-endian' '-mabi=lp64' '-dumpdir' 'CMakeFiles/cmTC_fbbf6.dir/']
  ignore line: [ /home/alex/toolchain/aarch64-buildroot-linux-gnu_sdk-buildroot-rk3576/bin/../libexec/gcc/aarch64-buildroot-linux-gnu/12.3.0/cc1 -quiet -v -iprefix /home/alex/toolchain/aarch64-buildroot-linux-gnu_sdk-buildroot-rk3576/bin/../lib/gcc/aarch64-buildroot-linux-gnu/12.3.0/ -isysroot /home/alex/toolchain/aarch64-buildroot-linux-gnu_sdk-buildroot-rk3576/aarch64-buildroot-linux-gnu/sysroot /usr/share/cmake-3.16/Modules/CMakeCCompilerABI.c -quiet -dumpdir CMakeFiles/cmTC_fbbf6.dir/ -dumpbase CMakeCCompilerABI.c.c -dumpbase-ext .c -mcpu=cortex-a72.cortex-a53 -mlittle-endian -mabi=lp64 -version -fstack-protector-strong -fPIE -o /tmp/ccMHcUMh.s]
  ignore line: [GNU C17 (Buildroot -g7ed3d36905-dirty) version 12.3.0 (aarch64-buildroot-linux-gnu)]
  ignore line: [	compiled by GNU C version 9.3.0  GMP version 6.3.0  MPFR version 4.1.1  MPC version 1.2.1  isl version none]
  ignore line: [GGC heuristics: --param ggc-min-expand=100 --param ggc-min-heapsize=131072]
  ignore line: [ignoring duplicate directory "/home/alex/toolchain/aarch64-buildroot-linux-gnu_sdk-buildroot-rk3576/bin/../lib/gcc/../../lib/gcc/aarch64-buildroot-linux-gnu/12.3.0/include"]
  ignore line: [ignoring nonexistent directory "/home/alex/toolchain/aarch64-buildroot-linux-gnu_sdk-buildroot-rk3576/aarch64-buildroot-linux-gnu/sysroot/usr/local/include"]
  ignore line: [ignoring duplicate directory "/home/alex/toolchain/aarch64-buildroot-linux-gnu_sdk-buildroot-rk3576/bin/../lib/gcc/../../lib/gcc/aarch64-buildroot-linux-gnu/12.3.0/include-fixed"]
  ignore line: [ignoring duplicate directory "/home/alex/toolchain/aarch64-buildroot-linux-gnu_sdk-buildroot-rk3576/bin/../lib/gcc/../../lib/gcc/aarch64-buildroot-linux-gnu/12.3.0/../../../../aarch64-buildroot-linux-gnu/include"]
  ignore line: [#include "..." search starts here:]
  ignore line: [#include <...> search starts here:]
  ignore line: [ /home/alex/toolchain/aarch64-buildroot-linux-gnu_sdk-buildroot-rk3576/bin/../lib/gcc/aarch64-buildroot-linux-gnu/12.3.0/include]
  ignore line: [ /home/alex/toolchain/aarch64-buildroot-linux-gnu_sdk-buildroot-rk3576/bin/../lib/gcc/aarch64-buildroot-linux-gnu/12.3.0/include-fixed]
  ignore line: [ /home/alex/toolchain/aarch64-buildroot-linux-gnu_sdk-buildroot-rk3576/bin/../lib/gcc/aarch64-buildroot-linux-gnu/12.3.0/../../../../aarch64-buildroot-linux-gnu/include]
  ignore line: [ /home/alex/toolchain/aarch64-buildroot-linux-gnu_sdk-buildroot-rk3576/aarch64-buildroot-linux-gnu/sysroot/usr/include]
  ignore line: [End of search list.]
  ignore line: [GNU C17 (Buildroot -g7ed3d36905-dirty) version 12.3.0 (aarch64-buildroot-linux-gnu)]
  ignore line: [	compiled by GNU C version 9.3.0  GMP version 6.3.0  MPFR version 4.1.1  MPC version 1.2.1  isl version none]
  ignore line: [GGC heuristics: --param ggc-min-expand=100 --param ggc-min-heapsize=131072]
  ignore line: [Compiler executable checksum: a3291d55bb3fa5455e1b8fab65987f7e]
  ignore line: [COLLECT_GCC_OPTIONS='--sysroot=/home/alex/toolchain/aarch64-buildroot-linux-gnu_sdk-buildroot-rk3576/aarch64-buildroot-linux-gnu/sysroot' '-fstack-protector-strong' '-fPIE' '-pie' '-v' '-o' 'CMakeFiles/cmTC_fbbf6.dir/CMakeCCompilerABI.c.o' '-c' '-mcpu=cortex-a72.cortex-a53' '-mlittle-endian' '-mabi=lp64' '-dumpdir' 'CMakeFiles/cmTC_fbbf6.dir/']
  ignore line: [ /home/alex/toolchain/aarch64-buildroot-linux-gnu_sdk-buildroot-rk3576/bin/../lib/gcc/aarch64-buildroot-linux-gnu/12.3.0/../../../../aarch64-buildroot-linux-gnu/bin/as -v -EL -march=armv8-a+crc -mabi=lp64 -o CMakeFiles/cmTC_fbbf6.dir/CMakeCCompilerABI.c.o /tmp/ccMHcUMh.s]
  ignore line: [GNU assembler version 2.40 (aarch64-buildroot-linux-gnu) using BFD version (GNU Binutils) 2.40]
  ignore line: [COMPILER_PATH=/home/alex/toolchain/aarch64-buildroot-linux-gnu_sdk-buildroot-rk3576/bin/../libexec/gcc/aarch64-buildroot-linux-gnu/12.3.0/:/home/alex/toolchain/aarch64-buildroot-linux-gnu_sdk-buildroot-rk3576/bin/../libexec/gcc/:/home/alex/toolchain/aarch64-buildroot-linux-gnu_sdk-buildroot-rk3576/bin/../lib/gcc/aarch64-buildroot-linux-gnu/12.3.0/../../../../aarch64-buildroot-linux-gnu/bin/]
  ignore line: [LIBRARY_PATH=/home/alex/toolchain/aarch64-buildroot-linux-gnu_sdk-buildroot-rk3576/bin/../lib/gcc/aarch64-buildroot-linux-gnu/12.3.0/:/home/alex/toolchain/aarch64-buildroot-linux-gnu_sdk-buildroot-rk3576/bin/../lib/gcc/:/home/alex/toolchain/aarch64-buildroot-linux-gnu_sdk-buildroot-rk3576/bin/../lib/gcc/aarch64-buildroot-linux-gnu/12.3.0/../../../../aarch64-buildroot-linux-gnu/lib/../lib64/:/home/alex/toolchain/aarch64-buildroot-linux-gnu_sdk-buildroot-rk3576/aarch64-buildroot-linux-gnu/sysroot/lib/../lib64/:/home/alex/toolchain/aarch64-buildroot-linux-gnu_sdk-buildroot-rk3576/aarch64-buildroot-linux-gnu/sysroot/usr/lib/../lib64/:/home/alex/toolchain/aarch64-buildroot-linux-gnu_sdk-buildroot-rk3576/bin/../lib/gcc/aarch64-buildroot-linux-gnu/12.3.0/../../../../aarch64-buildroot-linux-gnu/lib/:/home/alex/toolchain/aarch64-buildroot-linux-gnu_sdk-buildroot-rk3576/aarch64-buildroot-linux-gnu/sysroot/lib/:/home/alex/toolchain/aarch64-buildroot-linux-gnu_sdk-buildroot-rk3576/aarch64-buildroot-linux-gnu/sysroot/usr/lib/]
  ignore line: [COLLECT_GCC_OPTIONS='--sysroot=/home/alex/toolchain/aarch64-buildroot-linux-gnu_sdk-buildroot-rk3576/aarch64-buildroot-linux-gnu/sysroot' '-fstack-protector-strong' '-fPIE' '-pie' '-v' '-o' 'CMakeFiles/cmTC_fbbf6.dir/CMakeCCompilerABI.c.o' '-c' '-mcpu=cortex-a72.cortex-a53' '-mlittle-endian' '-mabi=lp64' '-dumpdir' 'CMakeFiles/cmTC_fbbf6.dir/CMakeCCompilerABI.c.']
  ignore line: [Linking C executable cmTC_fbbf6]
  ignore line: [/usr/bin/cmake -E cmake_link_script CMakeFiles/cmTC_fbbf6.dir/link.txt --verbose=1]
  ignore line: [/home/alex/toolchain/aarch64-buildroot-linux-gnu_sdk-buildroot-rk3576/bin/aarch64-buildroot-linux-gnu-gcc     -v CMakeFiles/cmTC_fbbf6.dir/CMakeCCompilerABI.c.o  -o cmTC_fbbf6 ]
  ignore line: [Using built-in specs.]
  ignore line: [COLLECT_GCC=/home/alex/toolchain/aarch64-buildroot-linux-gnu_sdk-buildroot-rk3576/bin/aarch64-buildroot-linux-gnu-gcc.br_real]
  ignore line: [COLLECT_LTO_WRAPPER=/home/alex/toolchain/aarch64-buildroot-linux-gnu_sdk-buildroot-rk3576/bin/../libexec/gcc/aarch64-buildroot-linux-gnu/12.3.0/lto-wrapper]
  ignore line: [Target: aarch64-buildroot-linux-gnu]
  ignore line: [Configured with: ./configure --prefix=/home/luke/onduty/t2081/buildroot/output/rockchip_rk3576_eufy/host --sysconfdir=/home/luke/onduty/t2081/buildroot/output/rockchip_rk3576_eufy/host/etc --enable-static --target=aarch64-buildroot-linux-gnu --with-sysroot=/home/luke/onduty/t2081/buildroot/output/rockchip_rk3576_eufy/host/aarch64-buildroot-linux-gnu/sysroot --enable-__cxa_atexit --with-gnu-ld --disable-libssp --disable-multilib --disable-decimal-float --enable-plugins --enable-lto --with-gmp=/home/luke/onduty/t2081/buildroot/output/rockchip_rk3576_eufy/host --with-mpc=/home/luke/onduty/t2081/buildroot/output/rockchip_rk3576_eufy/host --with-mpfr=/home/luke/onduty/t2081/buildroot/output/rockchip_rk3576_eufy/host --with-pkgversion='Buildroot -g7ed3d36905-dirty' --with-bugurl=http://bugs.buildroot.net/ --without-zstd --disable-libquadmath --disable-libquadmath-support --enable-tls --enable-threads --without-isl --without-cloog --with-abi=lp64 --with-cpu=cortex-a72.cortex-a53 --enable-languages=c,c++ --with-build-time-tools=/home/luke/onduty/t2081/buildroot/output/rockchip_rk3576_eufy/host/aarch64-buildroot-linux-gnu/bin --enable-shared --enable-libgomp]
  ignore line: [Thread model: posix]
  ignore line: [Supported LTO compression algorithms: zlib]
  ignore line: [gcc version 12.3.0 (Buildroot -g7ed3d36905-dirty) ]
  ignore line: [COMPILER_PATH=/home/alex/toolchain/aarch64-buildroot-linux-gnu_sdk-buildroot-rk3576/bin/../libexec/gcc/aarch64-buildroot-linux-gnu/12.3.0/:/home/alex/toolchain/aarch64-buildroot-linux-gnu_sdk-buildroot-rk3576/bin/../libexec/gcc/:/home/alex/toolchain/aarch64-buildroot-linux-gnu_sdk-buildroot-rk3576/bin/../lib/gcc/aarch64-buildroot-linux-gnu/12.3.0/../../../../aarch64-buildroot-linux-gnu/bin/]
  ignore line: [LIBRARY_PATH=/home/alex/toolchain/aarch64-buildroot-linux-gnu_sdk-buildroot-rk3576/bin/../lib/gcc/aarch64-buildroot-linux-gnu/12.3.0/:/home/alex/toolchain/aarch64-buildroot-linux-gnu_sdk-buildroot-rk3576/bin/../lib/gcc/:/home/alex/toolchain/aarch64-buildroot-linux-gnu_sdk-buildroot-rk3576/bin/../lib/gcc/aarch64-buildroot-linux-gnu/12.3.0/../../../../aarch64-buildroot-linux-gnu/lib/../lib64/:/home/alex/toolchain/aarch64-buildroot-linux-gnu_sdk-buildroot-rk3576/aarch64-buildroot-linux-gnu/sysroot/lib/../lib64/:/home/alex/toolchain/aarch64-buildroot-linux-gnu_sdk-buildroot-rk3576/aarch64-buildroot-linux-gnu/sysroot/usr/lib/../lib64/:/home/alex/toolchain/aarch64-buildroot-linux-gnu_sdk-buildroot-rk3576/bin/../lib/gcc/aarch64-buildroot-linux-gnu/12.3.0/../../../../aarch64-buildroot-linux-gnu/lib/:/home/alex/toolchain/aarch64-buildroot-linux-gnu_sdk-buildroot-rk3576/aarch64-buildroot-linux-gnu/sysroot/lib/:/home/alex/toolchain/aarch64-buildroot-linux-gnu_sdk-buildroot-rk3576/aarch64-buildroot-linux-gnu/sysroot/usr/lib/]
  ignore line: [COLLECT_GCC_OPTIONS='--sysroot=/home/alex/toolchain/aarch64-buildroot-linux-gnu_sdk-buildroot-rk3576/aarch64-buildroot-linux-gnu/sysroot' '-fstack-protector-strong' '-fPIE' '-pie' '-v' '-o' 'cmTC_fbbf6' '-mcpu=cortex-a72.cortex-a53' '-mlittle-endian' '-mabi=lp64' '-dumpdir' 'cmTC_fbbf6.']
  link line: [ /home/alex/toolchain/aarch64-buildroot-linux-gnu_sdk-buildroot-rk3576/bin/../libexec/gcc/aarch64-buildroot-linux-gnu/12.3.0/collect2 -plugin /home/alex/toolchain/aarch64-buildroot-linux-gnu_sdk-buildroot-rk3576/bin/../libexec/gcc/aarch64-buildroot-linux-gnu/12.3.0/liblto_plugin.so -plugin-opt=/home/alex/toolchain/aarch64-buildroot-linux-gnu_sdk-buildroot-rk3576/bin/../libexec/gcc/aarch64-buildroot-linux-gnu/12.3.0/lto-wrapper -plugin-opt=-fresolution=/tmp/ccNJzi6L.res -plugin-opt=-pass-through=-lgcc -plugin-opt=-pass-through=-lgcc_s -plugin-opt=-pass-through=-lc -plugin-opt=-pass-through=-lgcc -plugin-opt=-pass-through=-lgcc_s --sysroot=/home/alex/toolchain/aarch64-buildroot-linux-gnu_sdk-buildroot-rk3576/aarch64-buildroot-linux-gnu/sysroot --eh-frame-hdr -dynamic-linker /lib/ld-linux-aarch64.so.1 -X -EL -maarch64linux -pie -o cmTC_fbbf6 /home/alex/toolchain/aarch64-buildroot-linux-gnu_sdk-buildroot-rk3576/aarch64-buildroot-linux-gnu/sysroot/lib/../lib64/Scrt1.o /home/alex/toolchain/aarch64-buildroot-linux-gnu_sdk-buildroot-rk3576/aarch64-buildroot-linux-gnu/sysroot/lib/../lib64/crti.o /home/alex/toolchain/aarch64-buildroot-linux-gnu_sdk-buildroot-rk3576/bin/../lib/gcc/aarch64-buildroot-linux-gnu/12.3.0/crtbeginS.o -L/home/alex/toolchain/aarch64-buildroot-linux-gnu_sdk-buildroot-rk3576/bin/../lib/gcc/aarch64-buildroot-linux-gnu/12.3.0 -L/home/alex/toolchain/aarch64-buildroot-linux-gnu_sdk-buildroot-rk3576/bin/../lib/gcc -L/home/alex/toolchain/aarch64-buildroot-linux-gnu_sdk-buildroot-rk3576/bin/../lib/gcc/aarch64-buildroot-linux-gnu/12.3.0/../../../../aarch64-buildroot-linux-gnu/lib/../lib64 -L/home/alex/toolchain/aarch64-buildroot-linux-gnu_sdk-buildroot-rk3576/aarch64-buildroot-linux-gnu/sysroot/lib/../lib64 -L/home/alex/toolchain/aarch64-buildroot-linux-gnu_sdk-buildroot-rk3576/aarch64-buildroot-linux-gnu/sysroot/usr/lib/../lib64 -L/home/alex/toolchain/aarch64-buildroot-linux-gnu_sdk-buildroot-rk3576/bin/../lib/gcc/aarch64-buildroot-linux-gnu/12.3.0/../../../../aarch64-buildroot-linux-gnu/lib -L/home/alex/toolchain/aarch64-buildroot-linux-gnu_sdk-buildroot-rk3576/aarch64-buildroot-linux-gnu/sysroot/lib -L/home/alex/toolchain/aarch64-buildroot-linux-gnu_sdk-buildroot-rk3576/aarch64-buildroot-linux-gnu/sysroot/usr/lib -z max-page-size=4096 -z common-page-size=4096 -z now -z relro CMakeFiles/cmTC_fbbf6.dir/CMakeCCompilerABI.c.o -lgcc --push-state --as-needed -lgcc_s --pop-state -lc -lgcc --push-state --as-needed -lgcc_s --pop-state /home/alex/toolchain/aarch64-buildroot-linux-gnu_sdk-buildroot-rk3576/bin/../lib/gcc/aarch64-buildroot-linux-gnu/12.3.0/crtendS.o /home/alex/toolchain/aarch64-buildroot-linux-gnu_sdk-buildroot-rk3576/aarch64-buildroot-linux-gnu/sysroot/lib/../lib64/crtn.o]
    arg [/home/alex/toolchain/aarch64-buildroot-linux-gnu_sdk-buildroot-rk3576/bin/../libexec/gcc/aarch64-buildroot-linux-gnu/12.3.0/collect2] ==> ignore
    arg [-plugin] ==> ignore
    arg [/home/alex/toolchain/aarch64-buildroot-linux-gnu_sdk-buildroot-rk3576/bin/../libexec/gcc/aarch64-buildroot-linux-gnu/12.3.0/liblto_plugin.so] ==> ignore
    arg [-plugin-opt=/home/alex/toolchain/aarch64-buildroot-linux-gnu_sdk-buildroot-rk3576/bin/../libexec/gcc/aarch64-buildroot-linux-gnu/12.3.0/lto-wrapper] ==> ignore
    arg [-plugin-opt=-fresolution=/tmp/ccNJzi6L.res] ==> ignore
    arg [-plugin-opt=-pass-through=-lgcc] ==> ignore
    arg [-plugin-opt=-pass-through=-lgcc_s] ==> ignore
    arg [-plugin-opt=-pass-through=-lc] ==> ignore
    arg [-plugin-opt=-pass-through=-lgcc] ==> ignore
    arg [-plugin-opt=-pass-through=-lgcc_s] ==> ignore
    arg [--sysroot=/home/alex/toolchain/aarch64-buildroot-linux-gnu_sdk-buildroot-rk3576/aarch64-buildroot-linux-gnu/sysroot] ==> ignore
    arg [--eh-frame-hdr] ==> ignore
    arg [-dynamic-linker] ==> ignore
    arg [/lib/ld-linux-aarch64.so.1] ==> ignore
    arg [-X] ==> ignore
    arg [-EL] ==> ignore
    arg [-maarch64linux] ==> ignore
    arg [-pie] ==> ignore
    arg [-o] ==> ignore
    arg [cmTC_fbbf6] ==> ignore
    arg [/home/alex/toolchain/aarch64-buildroot-linux-gnu_sdk-buildroot-rk3576/aarch64-buildroot-linux-gnu/sysroot/lib/../lib64/Scrt1.o] ==> ignore
    arg [/home/alex/toolchain/aarch64-buildroot-linux-gnu_sdk-buildroot-rk3576/aarch64-buildroot-linux-gnu/sysroot/lib/../lib64/crti.o] ==> ignore
    arg [/home/alex/toolchain/aarch64-buildroot-linux-gnu_sdk-buildroot-rk3576/bin/../lib/gcc/aarch64-buildroot-linux-gnu/12.3.0/crtbeginS.o] ==> ignore
    arg [-L/home/alex/toolchain/aarch64-buildroot-linux-gnu_sdk-buildroot-rk3576/bin/../lib/gcc/aarch64-buildroot-linux-gnu/12.3.0] ==> dir [/home/alex/toolchain/aarch64-buildroot-linux-gnu_sdk-buildroot-rk3576/bin/../lib/gcc/aarch64-buildroot-linux-gnu/12.3.0]
    arg [-L/home/alex/toolchain/aarch64-buildroot-linux-gnu_sdk-buildroot-rk3576/bin/../lib/gcc] ==> dir [/home/alex/toolchain/aarch64-buildroot-linux-gnu_sdk-buildroot-rk3576/bin/../lib/gcc]
    arg [-L/home/alex/toolchain/aarch64-buildroot-linux-gnu_sdk-buildroot-rk3576/bin/../lib/gcc/aarch64-buildroot-linux-gnu/12.3.0/../../../../aarch64-buildroot-linux-gnu/lib/../lib64] ==> dir [/home/alex/toolchain/aarch64-buildroot-linux-gnu_sdk-buildroot-rk3576/bin/../lib/gcc/aarch64-buildroot-linux-gnu/12.3.0/../../../../aarch64-buildroot-linux-gnu/lib/../lib64]
    arg [-L/home/alex/toolchain/aarch64-buildroot-linux-gnu_sdk-buildroot-rk3576/aarch64-buildroot-linux-gnu/sysroot/lib/../lib64] ==> dir [/home/alex/toolchain/aarch64-buildroot-linux-gnu_sdk-buildroot-rk3576/aarch64-buildroot-linux-gnu/sysroot/lib/../lib64]
    arg [-L/home/alex/toolchain/aarch64-buildroot-linux-gnu_sdk-buildroot-rk3576/aarch64-buildroot-linux-gnu/sysroot/usr/lib/../lib64] ==> dir [/home/alex/toolchain/aarch64-buildroot-linux-gnu_sdk-buildroot-rk3576/aarch64-buildroot-linux-gnu/sysroot/usr/lib/../lib64]
    arg [-L/home/alex/toolchain/aarch64-buildroot-linux-gnu_sdk-buildroot-rk3576/bin/../lib/gcc/aarch64-buildroot-linux-gnu/12.3.0/../../../../aarch64-buildroot-linux-gnu/lib] ==> dir [/home/alex/toolchain/aarch64-buildroot-linux-gnu_sdk-buildroot-rk3576/bin/../lib/gcc/aarch64-buildroot-linux-gnu/12.3.0/../../../../aarch64-buildroot-linux-gnu/lib]
    arg [-L/home/alex/toolchain/aarch64-buildroot-linux-gnu_sdk-buildroot-rk3576/aarch64-buildroot-linux-gnu/sysroot/lib] ==> dir [/home/alex/toolchain/aarch64-buildroot-linux-gnu_sdk-buildroot-rk3576/aarch64-buildroot-linux-gnu/sysroot/lib]
    arg [-L/home/alex/toolchain/aarch64-buildroot-linux-gnu_sdk-buildroot-rk3576/aarch64-buildroot-linux-gnu/sysroot/usr/lib] ==> dir [/home/alex/toolchain/aarch64-buildroot-linux-gnu_sdk-buildroot-rk3576/aarch64-buildroot-linux-gnu/sysroot/usr/lib]
    arg [-zmax-page-size=4096] ==> ignore
    arg [-zcommon-page-size=4096] ==> ignore
    arg [-znow] ==> ignore
    arg [-zrelro] ==> ignore
    arg [CMakeFiles/cmTC_fbbf6.dir/CMakeCCompilerABI.c.o] ==> ignore
    arg [-lgcc] ==> lib [gcc]
    arg [--push-state] ==> ignore
    arg [--as-needed] ==> ignore
    arg [-lgcc_s] ==> lib [gcc_s]
    arg [--pop-state] ==> ignore
    arg [-lc] ==> lib [c]
    arg [-lgcc] ==> lib [gcc]
    arg [--push-state] ==> ignore
    arg [--as-needed] ==> ignore
    arg [-lgcc_s] ==> lib [gcc_s]
    arg [--pop-state] ==> ignore
    arg [/home/alex/toolchain/aarch64-buildroot-linux-gnu_sdk-buildroot-rk3576/bin/../lib/gcc/aarch64-buildroot-linux-gnu/12.3.0/crtendS.o] ==> ignore
    arg [/home/alex/toolchain/aarch64-buildroot-linux-gnu_sdk-buildroot-rk3576/aarch64-buildroot-linux-gnu/sysroot/lib/../lib64/crtn.o] ==> ignore
  collapse library dir [/home/alex/toolchain/aarch64-buildroot-linux-gnu_sdk-buildroot-rk3576/bin/../lib/gcc/aarch64-buildroot-linux-gnu/12.3.0] ==> [/home/alex/toolchain/aarch64-buildroot-linux-gnu_sdk-buildroot-rk3576/lib/gcc/aarch64-buildroot-linux-gnu/12.3.0]
  collapse library dir [/home/alex/toolchain/aarch64-buildroot-linux-gnu_sdk-buildroot-rk3576/bin/../lib/gcc] ==> [/home/alex/toolchain/aarch64-buildroot-linux-gnu_sdk-buildroot-rk3576/lib/gcc]
  collapse library dir [/home/alex/toolchain/aarch64-buildroot-linux-gnu_sdk-buildroot-rk3576/bin/../lib/gcc/aarch64-buildroot-linux-gnu/12.3.0/../../../../aarch64-buildroot-linux-gnu/lib/../lib64] ==> [/home/alex/toolchain/aarch64-buildroot-linux-gnu_sdk-buildroot-rk3576/aarch64-buildroot-linux-gnu/lib64]
  collapse library dir [/home/alex/toolchain/aarch64-buildroot-linux-gnu_sdk-buildroot-rk3576/aarch64-buildroot-linux-gnu/sysroot/lib/../lib64] ==> [/home/alex/toolchain/aarch64-buildroot-linux-gnu_sdk-buildroot-rk3576/aarch64-buildroot-linux-gnu/sysroot/lib64]
  collapse library dir [/home/alex/toolchain/aarch64-buildroot-linux-gnu_sdk-buildroot-rk3576/aarch64-buildroot-linux-gnu/sysroot/usr/lib/../lib64] ==> [/home/alex/toolchain/aarch64-buildroot-linux-gnu_sdk-buildroot-rk3576/aarch64-buildroot-linux-gnu/sysroot/usr/lib64]
  collapse library dir [/home/alex/toolchain/aarch64-buildroot-linux-gnu_sdk-buildroot-rk3576/bin/../lib/gcc/aarch64-buildroot-linux-gnu/12.3.0/../../../../aarch64-buildroot-linux-gnu/lib] ==> [/home/alex/toolchain/aarch64-buildroot-linux-gnu_sdk-buildroot-rk3576/aarch64-buildroot-linux-gnu/lib]
  collapse library dir [/home/alex/toolchain/aarch64-buildroot-linux-gnu_sdk-buildroot-rk3576/aarch64-buildroot-linux-gnu/sysroot/lib] ==> [/home/alex/toolchain/aarch64-buildroot-linux-gnu_sdk-buildroot-rk3576/aarch64-buildroot-linux-gnu/sysroot/lib]
  collapse library dir [/home/alex/toolchain/aarch64-buildroot-linux-gnu_sdk-buildroot-rk3576/aarch64-buildroot-linux-gnu/sysroot/usr/lib] ==> [/home/alex/toolchain/aarch64-buildroot-linux-gnu_sdk-buildroot-rk3576/aarch64-buildroot-linux-gnu/sysroot/usr/lib]
  implicit libs: [gcc;gcc_s;c;gcc;gcc_s]
  implicit dirs: [/home/alex/toolchain/aarch64-buildroot-linux-gnu_sdk-buildroot-rk3576/lib/gcc/aarch64-buildroot-linux-gnu/12.3.0;/home/alex/toolchain/aarch64-buildroot-linux-gnu_sdk-buildroot-rk3576/lib/gcc;/home/alex/toolchain/aarch64-buildroot-linux-gnu_sdk-buildroot-rk3576/aarch64-buildroot-linux-gnu/lib64;/home/alex/toolchain/aarch64-buildroot-linux-gnu_sdk-buildroot-rk3576/aarch64-buildroot-linux-gnu/sysroot/lib64;/home/alex/toolchain/aarch64-buildroot-linux-gnu_sdk-buildroot-rk3576/aarch64-buildroot-linux-gnu/sysroot/usr/lib64;/home/alex/toolchain/aarch64-buildroot-linux-gnu_sdk-buildroot-rk3576/aarch64-buildroot-linux-gnu/lib;/home/alex/toolchain/aarch64-buildroot-linux-gnu_sdk-buildroot-rk3576/aarch64-buildroot-linux-gnu/sysroot/lib;/home/alex/toolchain/aarch64-buildroot-linux-gnu_sdk-buildroot-rk3576/aarch64-buildroot-linux-gnu/sysroot/usr/lib]
  implicit fwks: []


Determining if the CXX compiler works passed with the following output:
Change Dir: /home/alex/Project/rk3576_LDlidar/build_debug/CMakeFiles/CMakeTmp

Run Build Command(s):/usr/bin/make cmTC_50a86/fast && /usr/bin/make -f CMakeFiles/cmTC_50a86.dir/build.make CMakeFiles/cmTC_50a86.dir/build
make[1]: Entering directory '/home/alex/Project/rk3576_LDlidar/build_debug/CMakeFiles/CMakeTmp'
Building CXX object CMakeFiles/cmTC_50a86.dir/testCXXCompiler.cxx.o
/home/alex/toolchain/aarch64-buildroot-linux-gnu_sdk-buildroot-rk3576/bin/aarch64-buildroot-linux-gnu-g++     -o CMakeFiles/cmTC_50a86.dir/testCXXCompiler.cxx.o -c /home/alex/Project/rk3576_LDlidar/build_debug/CMakeFiles/CMakeTmp/testCXXCompiler.cxx
Linking CXX executable cmTC_50a86
/usr/bin/cmake -E cmake_link_script CMakeFiles/cmTC_50a86.dir/link.txt --verbose=1
/home/alex/toolchain/aarch64-buildroot-linux-gnu_sdk-buildroot-rk3576/bin/aarch64-buildroot-linux-gnu-g++       CMakeFiles/cmTC_50a86.dir/testCXXCompiler.cxx.o  -o cmTC_50a86 
make[1]: Leaving directory '/home/alex/Project/rk3576_LDlidar/build_debug/CMakeFiles/CMakeTmp'



Detecting CXX compiler ABI info compiled with the following output:
Change Dir: /home/alex/Project/rk3576_LDlidar/build_debug/CMakeFiles/CMakeTmp

Run Build Command(s):/usr/bin/make cmTC_e0565/fast && /usr/bin/make -f CMakeFiles/cmTC_e0565.dir/build.make CMakeFiles/cmTC_e0565.dir/build
make[1]: Entering directory '/home/alex/Project/rk3576_LDlidar/build_debug/CMakeFiles/CMakeTmp'
Building CXX object CMakeFiles/cmTC_e0565.dir/CMakeCXXCompilerABI.cpp.o
/home/alex/toolchain/aarch64-buildroot-linux-gnu_sdk-buildroot-rk3576/bin/aarch64-buildroot-linux-gnu-g++    -v -o CMakeFiles/cmTC_e0565.dir/CMakeCXXCompilerABI.cpp.o -c /usr/share/cmake-3.16/Modules/CMakeCXXCompilerABI.cpp
Using built-in specs.
COLLECT_GCC=/home/alex/toolchain/aarch64-buildroot-linux-gnu_sdk-buildroot-rk3576/bin/aarch64-buildroot-linux-gnu-g++.br_real
Target: aarch64-buildroot-linux-gnu
Configured with: ./configure --prefix=/home/luke/onduty/t2081/buildroot/output/rockchip_rk3576_eufy/host --sysconfdir=/home/luke/onduty/t2081/buildroot/output/rockchip_rk3576_eufy/host/etc --enable-static --target=aarch64-buildroot-linux-gnu --with-sysroot=/home/luke/onduty/t2081/buildroot/output/rockchip_rk3576_eufy/host/aarch64-buildroot-linux-gnu/sysroot --enable-__cxa_atexit --with-gnu-ld --disable-libssp --disable-multilib --disable-decimal-float --enable-plugins --enable-lto --with-gmp=/home/luke/onduty/t2081/buildroot/output/rockchip_rk3576_eufy/host --with-mpc=/home/luke/onduty/t2081/buildroot/output/rockchip_rk3576_eufy/host --with-mpfr=/home/luke/onduty/t2081/buildroot/output/rockchip_rk3576_eufy/host --with-pkgversion='Buildroot -g7ed3d36905-dirty' --with-bugurl=http://bugs.buildroot.net/ --without-zstd --disable-libquadmath --disable-libquadmath-support --enable-tls --enable-threads --without-isl --without-cloog --with-abi=lp64 --with-cpu=cortex-a72.cortex-a53 --enable-languages=c,c++ --with-build-time-tools=/home/luke/onduty/t2081/buildroot/output/rockchip_rk3576_eufy/host/aarch64-buildroot-linux-gnu/bin --enable-shared --enable-libgomp
Thread model: posix
Supported LTO compression algorithms: zlib
gcc version 12.3.0 (Buildroot -g7ed3d36905-dirty) 
COLLECT_GCC_OPTIONS='--sysroot=/home/alex/toolchain/aarch64-buildroot-linux-gnu_sdk-buildroot-rk3576/aarch64-buildroot-linux-gnu/sysroot' '-fstack-protector-strong' '-fPIE' '-pie' '-v' '-o' 'CMakeFiles/cmTC_e0565.dir/CMakeCXXCompilerABI.cpp.o' '-c' '-shared-libgcc' '-mcpu=cortex-a72.cortex-a53' '-mlittle-endian' '-mabi=lp64' '-dumpdir' 'CMakeFiles/cmTC_e0565.dir/'
 /home/alex/toolchain/aarch64-buildroot-linux-gnu_sdk-buildroot-rk3576/bin/../libexec/gcc/aarch64-buildroot-linux-gnu/12.3.0/cc1plus -quiet -v -iprefix /home/alex/toolchain/aarch64-buildroot-linux-gnu_sdk-buildroot-rk3576/bin/../lib/gcc/aarch64-buildroot-linux-gnu/12.3.0/ -isysroot /home/alex/toolchain/aarch64-buildroot-linux-gnu_sdk-buildroot-rk3576/aarch64-buildroot-linux-gnu/sysroot -D_GNU_SOURCE /usr/share/cmake-3.16/Modules/CMakeCXXCompilerABI.cpp -quiet -dumpdir CMakeFiles/cmTC_e0565.dir/ -dumpbase CMakeCXXCompilerABI.cpp.cpp -dumpbase-ext .cpp -mcpu=cortex-a72.cortex-a53 -mlittle-endian -mabi=lp64 -version -fstack-protector-strong -fPIE -o /tmp/cccMcM5g.s
GNU C++17 (Buildroot -g7ed3d36905-dirty) version 12.3.0 (aarch64-buildroot-linux-gnu)
	compiled by GNU C version 9.3.0, GMP version 6.3.0, MPFR version 4.1.1, MPC version 1.2.1, isl version none
GGC heuristics: --param ggc-min-expand=100 --param ggc-min-heapsize=131072
ignoring duplicate directory "/home/alex/toolchain/aarch64-buildroot-linux-gnu_sdk-buildroot-rk3576/bin/../lib/gcc/../../lib/gcc/aarch64-buildroot-linux-gnu/12.3.0/../../../../aarch64-buildroot-linux-gnu/include/c++/12.3.0"
ignoring duplicate directory "/home/alex/toolchain/aarch64-buildroot-linux-gnu_sdk-buildroot-rk3576/bin/../lib/gcc/../../lib/gcc/aarch64-buildroot-linux-gnu/12.3.0/../../../../aarch64-buildroot-linux-gnu/include/c++/12.3.0/aarch64-buildroot-linux-gnu"
ignoring duplicate directory "/home/alex/toolchain/aarch64-buildroot-linux-gnu_sdk-buildroot-rk3576/bin/../lib/gcc/../../lib/gcc/aarch64-buildroot-linux-gnu/12.3.0/../../../../aarch64-buildroot-linux-gnu/include/c++/12.3.0/backward"
ignoring duplicate directory "/home/alex/toolchain/aarch64-buildroot-linux-gnu_sdk-buildroot-rk3576/bin/../lib/gcc/../../lib/gcc/aarch64-buildroot-linux-gnu/12.3.0/include"
ignoring nonexistent directory "/home/alex/toolchain/aarch64-buildroot-linux-gnu_sdk-buildroot-rk3576/aarch64-buildroot-linux-gnu/sysroot/usr/local/include"
ignoring duplicate directory "/home/alex/toolchain/aarch64-buildroot-linux-gnu_sdk-buildroot-rk3576/bin/../lib/gcc/../../lib/gcc/aarch64-buildroot-linux-gnu/12.3.0/include-fixed"
ignoring duplicate directory "/home/alex/toolchain/aarch64-buildroot-linux-gnu_sdk-buildroot-rk3576/bin/../lib/gcc/../../lib/gcc/aarch64-buildroot-linux-gnu/12.3.0/../../../../aarch64-buildroot-linux-gnu/include"
#include "..." search starts here:
#include <...> search starts here:
 /home/alex/toolchain/aarch64-buildroot-linux-gnu_sdk-buildroot-rk3576/bin/../lib/gcc/aarch64-buildroot-linux-gnu/12.3.0/../../../../aarch64-buildroot-linux-gnu/include/c++/12.3.0
 /home/alex/toolchain/aarch64-buildroot-linux-gnu_sdk-buildroot-rk3576/bin/../lib/gcc/aarch64-buildroot-linux-gnu/12.3.0/../../../../aarch64-buildroot-linux-gnu/include/c++/12.3.0/aarch64-buildroot-linux-gnu
 /home/alex/toolchain/aarch64-buildroot-linux-gnu_sdk-buildroot-rk3576/bin/../lib/gcc/aarch64-buildroot-linux-gnu/12.3.0/../../../../aarch64-buildroot-linux-gnu/include/c++/12.3.0/backward
 /home/alex/toolchain/aarch64-buildroot-linux-gnu_sdk-buildroot-rk3576/bin/../lib/gcc/aarch64-buildroot-linux-gnu/12.3.0/include
 /home/alex/toolchain/aarch64-buildroot-linux-gnu_sdk-buildroot-rk3576/bin/../lib/gcc/aarch64-buildroot-linux-gnu/12.3.0/include-fixed
 /home/alex/toolchain/aarch64-buildroot-linux-gnu_sdk-buildroot-rk3576/bin/../lib/gcc/aarch64-buildroot-linux-gnu/12.3.0/../../../../aarch64-buildroot-linux-gnu/include
 /home/alex/toolchain/aarch64-buildroot-linux-gnu_sdk-buildroot-rk3576/aarch64-buildroot-linux-gnu/sysroot/usr/include
End of search list.
GNU C++17 (Buildroot -g7ed3d36905-dirty) version 12.3.0 (aarch64-buildroot-linux-gnu)
	compiled by GNU C version 9.3.0, GMP version 6.3.0, MPFR version 4.1.1, MPC version 1.2.1, isl version none
GGC heuristics: --param ggc-min-expand=100 --param ggc-min-heapsize=131072
Compiler executable checksum: f22782f4510fbf4e6707679ae080a8e9
COLLECT_GCC_OPTIONS='--sysroot=/home/alex/toolchain/aarch64-buildroot-linux-gnu_sdk-buildroot-rk3576/aarch64-buildroot-linux-gnu/sysroot' '-fstack-protector-strong' '-fPIE' '-pie' '-v' '-o' 'CMakeFiles/cmTC_e0565.dir/CMakeCXXCompilerABI.cpp.o' '-c' '-shared-libgcc' '-mcpu=cortex-a72.cortex-a53' '-mlittle-endian' '-mabi=lp64' '-dumpdir' 'CMakeFiles/cmTC_e0565.dir/'
 /home/alex/toolchain/aarch64-buildroot-linux-gnu_sdk-buildroot-rk3576/bin/../lib/gcc/aarch64-buildroot-linux-gnu/12.3.0/../../../../aarch64-buildroot-linux-gnu/bin/as -v -EL -march=armv8-a+crc -mabi=lp64 -o CMakeFiles/cmTC_e0565.dir/CMakeCXXCompilerABI.cpp.o /tmp/cccMcM5g.s
GNU assembler version 2.40 (aarch64-buildroot-linux-gnu) using BFD version (GNU Binutils) 2.40
COMPILER_PATH=/home/alex/toolchain/aarch64-buildroot-linux-gnu_sdk-buildroot-rk3576/bin/../libexec/gcc/aarch64-buildroot-linux-gnu/12.3.0/:/home/alex/toolchain/aarch64-buildroot-linux-gnu_sdk-buildroot-rk3576/bin/../libexec/gcc/:/home/alex/toolchain/aarch64-buildroot-linux-gnu_sdk-buildroot-rk3576/bin/../lib/gcc/aarch64-buildroot-linux-gnu/12.3.0/../../../../aarch64-buildroot-linux-gnu/bin/
LIBRARY_PATH=/home/alex/toolchain/aarch64-buildroot-linux-gnu_sdk-buildroot-rk3576/bin/../lib/gcc/aarch64-buildroot-linux-gnu/12.3.0/:/home/alex/toolchain/aarch64-buildroot-linux-gnu_sdk-buildroot-rk3576/bin/../lib/gcc/:/home/alex/toolchain/aarch64-buildroot-linux-gnu_sdk-buildroot-rk3576/bin/../lib/gcc/aarch64-buildroot-linux-gnu/12.3.0/../../../../aarch64-buildroot-linux-gnu/lib/../lib64/:/home/alex/toolchain/aarch64-buildroot-linux-gnu_sdk-buildroot-rk3576/aarch64-buildroot-linux-gnu/sysroot/lib/../lib64/:/home/alex/toolchain/aarch64-buildroot-linux-gnu_sdk-buildroot-rk3576/aarch64-buildroot-linux-gnu/sysroot/usr/lib/../lib64/:/home/alex/toolchain/aarch64-buildroot-linux-gnu_sdk-buildroot-rk3576/bin/../lib/gcc/aarch64-buildroot-linux-gnu/12.3.0/../../../../aarch64-buildroot-linux-gnu/lib/:/home/alex/toolchain/aarch64-buildroot-linux-gnu_sdk-buildroot-rk3576/aarch64-buildroot-linux-gnu/sysroot/lib/:/home/alex/toolchain/aarch64-buildroot-linux-gnu_sdk-buildroot-rk3576/aarch64-buildroot-linux-gnu/sysroot/usr/lib/
COLLECT_GCC_OPTIONS='--sysroot=/home/alex/toolchain/aarch64-buildroot-linux-gnu_sdk-buildroot-rk3576/aarch64-buildroot-linux-gnu/sysroot' '-fstack-protector-strong' '-fPIE' '-pie' '-v' '-o' 'CMakeFiles/cmTC_e0565.dir/CMakeCXXCompilerABI.cpp.o' '-c' '-shared-libgcc' '-mcpu=cortex-a72.cortex-a53' '-mlittle-endian' '-mabi=lp64' '-dumpdir' 'CMakeFiles/cmTC_e0565.dir/CMakeCXXCompilerABI.cpp.'
Linking CXX executable cmTC_e0565
/usr/bin/cmake -E cmake_link_script CMakeFiles/cmTC_e0565.dir/link.txt --verbose=1
/home/alex/toolchain/aarch64-buildroot-linux-gnu_sdk-buildroot-rk3576/bin/aarch64-buildroot-linux-gnu-g++      -v CMakeFiles/cmTC_e0565.dir/CMakeCXXCompilerABI.cpp.o  -o cmTC_e0565 
Using built-in specs.
COLLECT_GCC=/home/alex/toolchain/aarch64-buildroot-linux-gnu_sdk-buildroot-rk3576/bin/aarch64-buildroot-linux-gnu-g++.br_real
COLLECT_LTO_WRAPPER=/home/alex/toolchain/aarch64-buildroot-linux-gnu_sdk-buildroot-rk3576/bin/../libexec/gcc/aarch64-buildroot-linux-gnu/12.3.0/lto-wrapper
Target: aarch64-buildroot-linux-gnu
Configured with: ./configure --prefix=/home/luke/onduty/t2081/buildroot/output/rockchip_rk3576_eufy/host --sysconfdir=/home/luke/onduty/t2081/buildroot/output/rockchip_rk3576_eufy/host/etc --enable-static --target=aarch64-buildroot-linux-gnu --with-sysroot=/home/luke/onduty/t2081/buildroot/output/rockchip_rk3576_eufy/host/aarch64-buildroot-linux-gnu/sysroot --enable-__cxa_atexit --with-gnu-ld --disable-libssp --disable-multilib --disable-decimal-float --enable-plugins --enable-lto --with-gmp=/home/luke/onduty/t2081/buildroot/output/rockchip_rk3576_eufy/host --with-mpc=/home/luke/onduty/t2081/buildroot/output/rockchip_rk3576_eufy/host --with-mpfr=/home/luke/onduty/t2081/buildroot/output/rockchip_rk3576_eufy/host --with-pkgversion='Buildroot -g7ed3d36905-dirty' --with-bugurl=http://bugs.buildroot.net/ --without-zstd --disable-libquadmath --disable-libquadmath-support --enable-tls --enable-threads --without-isl --without-cloog --with-abi=lp64 --with-cpu=cortex-a72.cortex-a53 --enable-languages=c,c++ --with-build-time-tools=/home/luke/onduty/t2081/buildroot/output/rockchip_rk3576_eufy/host/aarch64-buildroot-linux-gnu/bin --enable-shared --enable-libgomp
Thread model: posix
Supported LTO compression algorithms: zlib
gcc version 12.3.0 (Buildroot -g7ed3d36905-dirty) 
COMPILER_PATH=/home/alex/toolchain/aarch64-buildroot-linux-gnu_sdk-buildroot-rk3576/bin/../libexec/gcc/aarch64-buildroot-linux-gnu/12.3.0/:/home/alex/toolchain/aarch64-buildroot-linux-gnu_sdk-buildroot-rk3576/bin/../libexec/gcc/:/home/alex/toolchain/aarch64-buildroot-linux-gnu_sdk-buildroot-rk3576/bin/../lib/gcc/aarch64-buildroot-linux-gnu/12.3.0/../../../../aarch64-buildroot-linux-gnu/bin/
LIBRARY_PATH=/home/alex/toolchain/aarch64-buildroot-linux-gnu_sdk-buildroot-rk3576/bin/../lib/gcc/aarch64-buildroot-linux-gnu/12.3.0/:/home/alex/toolchain/aarch64-buildroot-linux-gnu_sdk-buildroot-rk3576/bin/../lib/gcc/:/home/alex/toolchain/aarch64-buildroot-linux-gnu_sdk-buildroot-rk3576/bin/../lib/gcc/aarch64-buildroot-linux-gnu/12.3.0/../../../../aarch64-buildroot-linux-gnu/lib/../lib64/:/home/alex/toolchain/aarch64-buildroot-linux-gnu_sdk-buildroot-rk3576/aarch64-buildroot-linux-gnu/sysroot/lib/../lib64/:/home/alex/toolchain/aarch64-buildroot-linux-gnu_sdk-buildroot-rk3576/aarch64-buildroot-linux-gnu/sysroot/usr/lib/../lib64/:/home/alex/toolchain/aarch64-buildroot-linux-gnu_sdk-buildroot-rk3576/bin/../lib/gcc/aarch64-buildroot-linux-gnu/12.3.0/../../../../aarch64-buildroot-linux-gnu/lib/:/home/alex/toolchain/aarch64-buildroot-linux-gnu_sdk-buildroot-rk3576/aarch64-buildroot-linux-gnu/sysroot/lib/:/home/alex/toolchain/aarch64-buildroot-linux-gnu_sdk-buildroot-rk3576/aarch64-buildroot-linux-gnu/sysroot/usr/lib/
COLLECT_GCC_OPTIONS='--sysroot=/home/alex/toolchain/aarch64-buildroot-linux-gnu_sdk-buildroot-rk3576/aarch64-buildroot-linux-gnu/sysroot' '-fstack-protector-strong' '-fPIE' '-pie' '-v' '-o' 'cmTC_e0565' '-shared-libgcc' '-mcpu=cortex-a72.cortex-a53' '-mlittle-endian' '-mabi=lp64' '-dumpdir' 'cmTC_e0565.'
 /home/alex/toolchain/aarch64-buildroot-linux-gnu_sdk-buildroot-rk3576/bin/../libexec/gcc/aarch64-buildroot-linux-gnu/12.3.0/collect2 -plugin /home/alex/toolchain/aarch64-buildroot-linux-gnu_sdk-buildroot-rk3576/bin/../libexec/gcc/aarch64-buildroot-linux-gnu/12.3.0/liblto_plugin.so -plugin-opt=/home/alex/toolchain/aarch64-buildroot-linux-gnu_sdk-buildroot-rk3576/bin/../libexec/gcc/aarch64-buildroot-linux-gnu/12.3.0/lto-wrapper -plugin-opt=-fresolution=/tmp/ccahkH2I.res -plugin-opt=-pass-through=-lgcc_s -plugin-opt=-pass-through=-lgcc -plugin-opt=-pass-through=-lc -plugin-opt=-pass-through=-lgcc_s -plugin-opt=-pass-through=-lgcc --sysroot=/home/alex/toolchain/aarch64-buildroot-linux-gnu_sdk-buildroot-rk3576/aarch64-buildroot-linux-gnu/sysroot --eh-frame-hdr -dynamic-linker /lib/ld-linux-aarch64.so.1 -X -EL -maarch64linux -pie -o cmTC_e0565 /home/alex/toolchain/aarch64-buildroot-linux-gnu_sdk-buildroot-rk3576/aarch64-buildroot-linux-gnu/sysroot/lib/../lib64/Scrt1.o /home/alex/toolchain/aarch64-buildroot-linux-gnu_sdk-buildroot-rk3576/aarch64-buildroot-linux-gnu/sysroot/lib/../lib64/crti.o /home/alex/toolchain/aarch64-buildroot-linux-gnu_sdk-buildroot-rk3576/bin/../lib/gcc/aarch64-buildroot-linux-gnu/12.3.0/crtbeginS.o -L/home/alex/toolchain/aarch64-buildroot-linux-gnu_sdk-buildroot-rk3576/bin/../lib/gcc/aarch64-buildroot-linux-gnu/12.3.0 -L/home/alex/toolchain/aarch64-buildroot-linux-gnu_sdk-buildroot-rk3576/bin/../lib/gcc -L/home/alex/toolchain/aarch64-buildroot-linux-gnu_sdk-buildroot-rk3576/bin/../lib/gcc/aarch64-buildroot-linux-gnu/12.3.0/../../../../aarch64-buildroot-linux-gnu/lib/../lib64 -L/home/alex/toolchain/aarch64-buildroot-linux-gnu_sdk-buildroot-rk3576/aarch64-buildroot-linux-gnu/sysroot/lib/../lib64 -L/home/alex/toolchain/aarch64-buildroot-linux-gnu_sdk-buildroot-rk3576/aarch64-buildroot-linux-gnu/sysroot/usr/lib/../lib64 -L/home/alex/toolchain/aarch64-buildroot-linux-gnu_sdk-buildroot-rk3576/bin/../lib/gcc/aarch64-buildroot-linux-gnu/12.3.0/../../../../aarch64-buildroot-linux-gnu/lib -L/home/alex/toolchain/aarch64-buildroot-linux-gnu_sdk-buildroot-rk3576/aarch64-buildroot-linux-gnu/sysroot/lib -L/home/alex/toolchain/aarch64-buildroot-linux-gnu_sdk-buildroot-rk3576/aarch64-buildroot-linux-gnu/sysroot/usr/lib -z max-page-size=4096 -z common-page-size=4096 -z now -z relro CMakeFiles/cmTC_e0565.dir/CMakeCXXCompilerABI.cpp.o -lstdc++ -lm -lgcc_s -lgcc -lc -lgcc_s -lgcc /home/alex/toolchain/aarch64-buildroot-linux-gnu_sdk-buildroot-rk3576/bin/../lib/gcc/aarch64-buildroot-linux-gnu/12.3.0/crtendS.o /home/alex/toolchain/aarch64-buildroot-linux-gnu_sdk-buildroot-rk3576/aarch64-buildroot-linux-gnu/sysroot/lib/../lib64/crtn.o
COLLECT_GCC_OPTIONS='--sysroot=/home/alex/toolchain/aarch64-buildroot-linux-gnu_sdk-buildroot-rk3576/aarch64-buildroot-linux-gnu/sysroot' '-fstack-protector-strong' '-fPIE' '-pie' '-v' '-o' 'cmTC_e0565' '-shared-libgcc' '-mcpu=cortex-a72.cortex-a53' '-mlittle-endian' '-mabi=lp64' '-dumpdir' 'cmTC_e0565.'
make[1]: Leaving directory '/home/alex/Project/rk3576_LDlidar/build_debug/CMakeFiles/CMakeTmp'



Parsed CXX implicit include dir info from above output: rv=done
  found start of include info
  found start of implicit include info
    add: [/home/alex/toolchain/aarch64-buildroot-linux-gnu_sdk-buildroot-rk3576/bin/../lib/gcc/aarch64-buildroot-linux-gnu/12.3.0/../../../../aarch64-buildroot-linux-gnu/include/c++/12.3.0]
    add: [/home/alex/toolchain/aarch64-buildroot-linux-gnu_sdk-buildroot-rk3576/bin/../lib/gcc/aarch64-buildroot-linux-gnu/12.3.0/../../../../aarch64-buildroot-linux-gnu/include/c++/12.3.0/aarch64-buildroot-linux-gnu]
    add: [/home/alex/toolchain/aarch64-buildroot-linux-gnu_sdk-buildroot-rk3576/bin/../lib/gcc/aarch64-buildroot-linux-gnu/12.3.0/../../../../aarch64-buildroot-linux-gnu/include/c++/12.3.0/backward]
    add: [/home/alex/toolchain/aarch64-buildroot-linux-gnu_sdk-buildroot-rk3576/bin/../lib/gcc/aarch64-buildroot-linux-gnu/12.3.0/include]
    add: [/home/alex/toolchain/aarch64-buildroot-linux-gnu_sdk-buildroot-rk3576/bin/../lib/gcc/aarch64-buildroot-linux-gnu/12.3.0/include-fixed]
    add: [/home/alex/toolchain/aarch64-buildroot-linux-gnu_sdk-buildroot-rk3576/bin/../lib/gcc/aarch64-buildroot-linux-gnu/12.3.0/../../../../aarch64-buildroot-linux-gnu/include]
    add: [/home/alex/toolchain/aarch64-buildroot-linux-gnu_sdk-buildroot-rk3576/aarch64-buildroot-linux-gnu/sysroot/usr/include]
  end of search list found
  collapse include dir [/home/alex/toolchain/aarch64-buildroot-linux-gnu_sdk-buildroot-rk3576/bin/../lib/gcc/aarch64-buildroot-linux-gnu/12.3.0/../../../../aarch64-buildroot-linux-gnu/include/c++/12.3.0] ==> [/home/alex/toolchain/aarch64-buildroot-linux-gnu_sdk-buildroot-rk3576/aarch64-buildroot-linux-gnu/include/c++/12.3.0]
  collapse include dir [/home/alex/toolchain/aarch64-buildroot-linux-gnu_sdk-buildroot-rk3576/bin/../lib/gcc/aarch64-buildroot-linux-gnu/12.3.0/../../../../aarch64-buildroot-linux-gnu/include/c++/12.3.0/aarch64-buildroot-linux-gnu] ==> [/home/alex/toolchain/aarch64-buildroot-linux-gnu_sdk-buildroot-rk3576/aarch64-buildroot-linux-gnu/include/c++/12.3.0/aarch64-buildroot-linux-gnu]
  collapse include dir [/home/alex/toolchain/aarch64-buildroot-linux-gnu_sdk-buildroot-rk3576/bin/../lib/gcc/aarch64-buildroot-linux-gnu/12.3.0/../../../../aarch64-buildroot-linux-gnu/include/c++/12.3.0/backward] ==> [/home/alex/toolchain/aarch64-buildroot-linux-gnu_sdk-buildroot-rk3576/aarch64-buildroot-linux-gnu/include/c++/12.3.0/backward]
  collapse include dir [/home/alex/toolchain/aarch64-buildroot-linux-gnu_sdk-buildroot-rk3576/bin/../lib/gcc/aarch64-buildroot-linux-gnu/12.3.0/include] ==> [/home/alex/toolchain/aarch64-buildroot-linux-gnu_sdk-buildroot-rk3576/lib/gcc/aarch64-buildroot-linux-gnu/12.3.0/include]
  collapse include dir [/home/alex/toolchain/aarch64-buildroot-linux-gnu_sdk-buildroot-rk3576/bin/../lib/gcc/aarch64-buildroot-linux-gnu/12.3.0/include-fixed] ==> [/home/alex/toolchain/aarch64-buildroot-linux-gnu_sdk-buildroot-rk3576/lib/gcc/aarch64-buildroot-linux-gnu/12.3.0/include-fixed]
  collapse include dir [/home/alex/toolchain/aarch64-buildroot-linux-gnu_sdk-buildroot-rk3576/bin/../lib/gcc/aarch64-buildroot-linux-gnu/12.3.0/../../../../aarch64-buildroot-linux-gnu/include] ==> [/home/alex/toolchain/aarch64-buildroot-linux-gnu_sdk-buildroot-rk3576/aarch64-buildroot-linux-gnu/include]
  collapse include dir [/home/alex/toolchain/aarch64-buildroot-linux-gnu_sdk-buildroot-rk3576/aarch64-buildroot-linux-gnu/sysroot/usr/include] ==> [/home/alex/toolchain/aarch64-buildroot-linux-gnu_sdk-buildroot-rk3576/aarch64-buildroot-linux-gnu/sysroot/usr/include]
  implicit include dirs: [/home/alex/toolchain/aarch64-buildroot-linux-gnu_sdk-buildroot-rk3576/aarch64-buildroot-linux-gnu/include/c++/12.3.0;/home/alex/toolchain/aarch64-buildroot-linux-gnu_sdk-buildroot-rk3576/aarch64-buildroot-linux-gnu/include/c++/12.3.0/aarch64-buildroot-linux-gnu;/home/alex/toolchain/aarch64-buildroot-linux-gnu_sdk-buildroot-rk3576/aarch64-buildroot-linux-gnu/include/c++/12.3.0/backward;/home/alex/toolchain/aarch64-buildroot-linux-gnu_sdk-buildroot-rk3576/lib/gcc/aarch64-buildroot-linux-gnu/12.3.0/include;/home/alex/toolchain/aarch64-buildroot-linux-gnu_sdk-buildroot-rk3576/lib/gcc/aarch64-buildroot-linux-gnu/12.3.0/include-fixed;/home/alex/toolchain/aarch64-buildroot-linux-gnu_sdk-buildroot-rk3576/aarch64-buildroot-linux-gnu/include;/home/alex/toolchain/aarch64-buildroot-linux-gnu_sdk-buildroot-rk3576/aarch64-buildroot-linux-gnu/sysroot/usr/include]


Parsed CXX implicit link information from above output:
  link line regex: [^( *|.*[/\])(aarch64-buildroot-linux-gnu-ld|CMAKE_LINK_STARTFILE-NOTFOUND|([^/\]+-)?ld|collect2)[^/\]*( |$)]
  ignore line: [Change Dir: /home/alex/Project/rk3576_LDlidar/build_debug/CMakeFiles/CMakeTmp]
  ignore line: []
  ignore line: [Run Build Command(s):/usr/bin/make cmTC_e0565/fast && /usr/bin/make -f CMakeFiles/cmTC_e0565.dir/build.make CMakeFiles/cmTC_e0565.dir/build]
  ignore line: [make[1]: Entering directory '/home/alex/Project/rk3576_LDlidar/build_debug/CMakeFiles/CMakeTmp']
  ignore line: [Building CXX object CMakeFiles/cmTC_e0565.dir/CMakeCXXCompilerABI.cpp.o]
  ignore line: [/home/alex/toolchain/aarch64-buildroot-linux-gnu_sdk-buildroot-rk3576/bin/aarch64-buildroot-linux-gnu-g++    -v -o CMakeFiles/cmTC_e0565.dir/CMakeCXXCompilerABI.cpp.o -c /usr/share/cmake-3.16/Modules/CMakeCXXCompilerABI.cpp]
  ignore line: [Using built-in specs.]
  ignore line: [COLLECT_GCC=/home/alex/toolchain/aarch64-buildroot-linux-gnu_sdk-buildroot-rk3576/bin/aarch64-buildroot-linux-gnu-g++.br_real]
  ignore line: [Target: aarch64-buildroot-linux-gnu]
  ignore line: [Configured with: ./configure --prefix=/home/luke/onduty/t2081/buildroot/output/rockchip_rk3576_eufy/host --sysconfdir=/home/luke/onduty/t2081/buildroot/output/rockchip_rk3576_eufy/host/etc --enable-static --target=aarch64-buildroot-linux-gnu --with-sysroot=/home/luke/onduty/t2081/buildroot/output/rockchip_rk3576_eufy/host/aarch64-buildroot-linux-gnu/sysroot --enable-__cxa_atexit --with-gnu-ld --disable-libssp --disable-multilib --disable-decimal-float --enable-plugins --enable-lto --with-gmp=/home/luke/onduty/t2081/buildroot/output/rockchip_rk3576_eufy/host --with-mpc=/home/luke/onduty/t2081/buildroot/output/rockchip_rk3576_eufy/host --with-mpfr=/home/luke/onduty/t2081/buildroot/output/rockchip_rk3576_eufy/host --with-pkgversion='Buildroot -g7ed3d36905-dirty' --with-bugurl=http://bugs.buildroot.net/ --without-zstd --disable-libquadmath --disable-libquadmath-support --enable-tls --enable-threads --without-isl --without-cloog --with-abi=lp64 --with-cpu=cortex-a72.cortex-a53 --enable-languages=c,c++ --with-build-time-tools=/home/luke/onduty/t2081/buildroot/output/rockchip_rk3576_eufy/host/aarch64-buildroot-linux-gnu/bin --enable-shared --enable-libgomp]
  ignore line: [Thread model: posix]
  ignore line: [Supported LTO compression algorithms: zlib]
  ignore line: [gcc version 12.3.0 (Buildroot -g7ed3d36905-dirty) ]
  ignore line: [COLLECT_GCC_OPTIONS='--sysroot=/home/alex/toolchain/aarch64-buildroot-linux-gnu_sdk-buildroot-rk3576/aarch64-buildroot-linux-gnu/sysroot' '-fstack-protector-strong' '-fPIE' '-pie' '-v' '-o' 'CMakeFiles/cmTC_e0565.dir/CMakeCXXCompilerABI.cpp.o' '-c' '-shared-libgcc' '-mcpu=cortex-a72.cortex-a53' '-mlittle-endian' '-mabi=lp64' '-dumpdir' 'CMakeFiles/cmTC_e0565.dir/']
  ignore line: [ /home/alex/toolchain/aarch64-buildroot-linux-gnu_sdk-buildroot-rk3576/bin/../libexec/gcc/aarch64-buildroot-linux-gnu/12.3.0/cc1plus -quiet -v -iprefix /home/alex/toolchain/aarch64-buildroot-linux-gnu_sdk-buildroot-rk3576/bin/../lib/gcc/aarch64-buildroot-linux-gnu/12.3.0/ -isysroot /home/alex/toolchain/aarch64-buildroot-linux-gnu_sdk-buildroot-rk3576/aarch64-buildroot-linux-gnu/sysroot -D_GNU_SOURCE /usr/share/cmake-3.16/Modules/CMakeCXXCompilerABI.cpp -quiet -dumpdir CMakeFiles/cmTC_e0565.dir/ -dumpbase CMakeCXXCompilerABI.cpp.cpp -dumpbase-ext .cpp -mcpu=cortex-a72.cortex-a53 -mlittle-endian -mabi=lp64 -version -fstack-protector-strong -fPIE -o /tmp/cccMcM5g.s]
  ignore line: [GNU C++17 (Buildroot -g7ed3d36905-dirty) version 12.3.0 (aarch64-buildroot-linux-gnu)]
  ignore line: [	compiled by GNU C version 9.3.0  GMP version 6.3.0  MPFR version 4.1.1  MPC version 1.2.1  isl version none]
  ignore line: [GGC heuristics: --param ggc-min-expand=100 --param ggc-min-heapsize=131072]
  ignore line: [ignoring duplicate directory "/home/alex/toolchain/aarch64-buildroot-linux-gnu_sdk-buildroot-rk3576/bin/../lib/gcc/../../lib/gcc/aarch64-buildroot-linux-gnu/12.3.0/../../../../aarch64-buildroot-linux-gnu/include/c++/12.3.0"]
  ignore line: [ignoring duplicate directory "/home/alex/toolchain/aarch64-buildroot-linux-gnu_sdk-buildroot-rk3576/bin/../lib/gcc/../../lib/gcc/aarch64-buildroot-linux-gnu/12.3.0/../../../../aarch64-buildroot-linux-gnu/include/c++/12.3.0/aarch64-buildroot-linux-gnu"]
  ignore line: [ignoring duplicate directory "/home/alex/toolchain/aarch64-buildroot-linux-gnu_sdk-buildroot-rk3576/bin/../lib/gcc/../../lib/gcc/aarch64-buildroot-linux-gnu/12.3.0/../../../../aarch64-buildroot-linux-gnu/include/c++/12.3.0/backward"]
  ignore line: [ignoring duplicate directory "/home/alex/toolchain/aarch64-buildroot-linux-gnu_sdk-buildroot-rk3576/bin/../lib/gcc/../../lib/gcc/aarch64-buildroot-linux-gnu/12.3.0/include"]
  ignore line: [ignoring nonexistent directory "/home/alex/toolchain/aarch64-buildroot-linux-gnu_sdk-buildroot-rk3576/aarch64-buildroot-linux-gnu/sysroot/usr/local/include"]
  ignore line: [ignoring duplicate directory "/home/alex/toolchain/aarch64-buildroot-linux-gnu_sdk-buildroot-rk3576/bin/../lib/gcc/../../lib/gcc/aarch64-buildroot-linux-gnu/12.3.0/include-fixed"]
  ignore line: [ignoring duplicate directory "/home/alex/toolchain/aarch64-buildroot-linux-gnu_sdk-buildroot-rk3576/bin/../lib/gcc/../../lib/gcc/aarch64-buildroot-linux-gnu/12.3.0/../../../../aarch64-buildroot-linux-gnu/include"]
  ignore line: [#include "..." search starts here:]
  ignore line: [#include <...> search starts here:]
  ignore line: [ /home/alex/toolchain/aarch64-buildroot-linux-gnu_sdk-buildroot-rk3576/bin/../lib/gcc/aarch64-buildroot-linux-gnu/12.3.0/../../../../aarch64-buildroot-linux-gnu/include/c++/12.3.0]
  ignore line: [ /home/alex/toolchain/aarch64-buildroot-linux-gnu_sdk-buildroot-rk3576/bin/../lib/gcc/aarch64-buildroot-linux-gnu/12.3.0/../../../../aarch64-buildroot-linux-gnu/include/c++/12.3.0/aarch64-buildroot-linux-gnu]
  ignore line: [ /home/alex/toolchain/aarch64-buildroot-linux-gnu_sdk-buildroot-rk3576/bin/../lib/gcc/aarch64-buildroot-linux-gnu/12.3.0/../../../../aarch64-buildroot-linux-gnu/include/c++/12.3.0/backward]
  ignore line: [ /home/alex/toolchain/aarch64-buildroot-linux-gnu_sdk-buildroot-rk3576/bin/../lib/gcc/aarch64-buildroot-linux-gnu/12.3.0/include]
  ignore line: [ /home/alex/toolchain/aarch64-buildroot-linux-gnu_sdk-buildroot-rk3576/bin/../lib/gcc/aarch64-buildroot-linux-gnu/12.3.0/include-fixed]
  ignore line: [ /home/alex/toolchain/aarch64-buildroot-linux-gnu_sdk-buildroot-rk3576/bin/../lib/gcc/aarch64-buildroot-linux-gnu/12.3.0/../../../../aarch64-buildroot-linux-gnu/include]
  ignore line: [ /home/alex/toolchain/aarch64-buildroot-linux-gnu_sdk-buildroot-rk3576/aarch64-buildroot-linux-gnu/sysroot/usr/include]
  ignore line: [End of search list.]
  ignore line: [GNU C++17 (Buildroot -g7ed3d36905-dirty) version 12.3.0 (aarch64-buildroot-linux-gnu)]
  ignore line: [	compiled by GNU C version 9.3.0  GMP version 6.3.0  MPFR version 4.1.1  MPC version 1.2.1  isl version none]
  ignore line: [GGC heuristics: --param ggc-min-expand=100 --param ggc-min-heapsize=131072]
  ignore line: [Compiler executable checksum: f22782f4510fbf4e6707679ae080a8e9]
  ignore line: [COLLECT_GCC_OPTIONS='--sysroot=/home/alex/toolchain/aarch64-buildroot-linux-gnu_sdk-buildroot-rk3576/aarch64-buildroot-linux-gnu/sysroot' '-fstack-protector-strong' '-fPIE' '-pie' '-v' '-o' 'CMakeFiles/cmTC_e0565.dir/CMakeCXXCompilerABI.cpp.o' '-c' '-shared-libgcc' '-mcpu=cortex-a72.cortex-a53' '-mlittle-endian' '-mabi=lp64' '-dumpdir' 'CMakeFiles/cmTC_e0565.dir/']
  ignore line: [ /home/alex/toolchain/aarch64-buildroot-linux-gnu_sdk-buildroot-rk3576/bin/../lib/gcc/aarch64-buildroot-linux-gnu/12.3.0/../../../../aarch64-buildroot-linux-gnu/bin/as -v -EL -march=armv8-a+crc -mabi=lp64 -o CMakeFiles/cmTC_e0565.dir/CMakeCXXCompilerABI.cpp.o /tmp/cccMcM5g.s]
  ignore line: [GNU assembler version 2.40 (aarch64-buildroot-linux-gnu) using BFD version (GNU Binutils) 2.40]
  ignore line: [COMPILER_PATH=/home/alex/toolchain/aarch64-buildroot-linux-gnu_sdk-buildroot-rk3576/bin/../libexec/gcc/aarch64-buildroot-linux-gnu/12.3.0/:/home/alex/toolchain/aarch64-buildroot-linux-gnu_sdk-buildroot-rk3576/bin/../libexec/gcc/:/home/alex/toolchain/aarch64-buildroot-linux-gnu_sdk-buildroot-rk3576/bin/../lib/gcc/aarch64-buildroot-linux-gnu/12.3.0/../../../../aarch64-buildroot-linux-gnu/bin/]
  ignore line: [LIBRARY_PATH=/home/alex/toolchain/aarch64-buildroot-linux-gnu_sdk-buildroot-rk3576/bin/../lib/gcc/aarch64-buildroot-linux-gnu/12.3.0/:/home/alex/toolchain/aarch64-buildroot-linux-gnu_sdk-buildroot-rk3576/bin/../lib/gcc/:/home/alex/toolchain/aarch64-buildroot-linux-gnu_sdk-buildroot-rk3576/bin/../lib/gcc/aarch64-buildroot-linux-gnu/12.3.0/../../../../aarch64-buildroot-linux-gnu/lib/../lib64/:/home/alex/toolchain/aarch64-buildroot-linux-gnu_sdk-buildroot-rk3576/aarch64-buildroot-linux-gnu/sysroot/lib/../lib64/:/home/alex/toolchain/aarch64-buildroot-linux-gnu_sdk-buildroot-rk3576/aarch64-buildroot-linux-gnu/sysroot/usr/lib/../lib64/:/home/alex/toolchain/aarch64-buildroot-linux-gnu_sdk-buildroot-rk3576/bin/../lib/gcc/aarch64-buildroot-linux-gnu/12.3.0/../../../../aarch64-buildroot-linux-gnu/lib/:/home/alex/toolchain/aarch64-buildroot-linux-gnu_sdk-buildroot-rk3576/aarch64-buildroot-linux-gnu/sysroot/lib/:/home/alex/toolchain/aarch64-buildroot-linux-gnu_sdk-buildroot-rk3576/aarch64-buildroot-linux-gnu/sysroot/usr/lib/]
  ignore line: [COLLECT_GCC_OPTIONS='--sysroot=/home/alex/toolchain/aarch64-buildroot-linux-gnu_sdk-buildroot-rk3576/aarch64-buildroot-linux-gnu/sysroot' '-fstack-protector-strong' '-fPIE' '-pie' '-v' '-o' 'CMakeFiles/cmTC_e0565.dir/CMakeCXXCompilerABI.cpp.o' '-c' '-shared-libgcc' '-mcpu=cortex-a72.cortex-a53' '-mlittle-endian' '-mabi=lp64' '-dumpdir' 'CMakeFiles/cmTC_e0565.dir/CMakeCXXCompilerABI.cpp.']
  ignore line: [Linking CXX executable cmTC_e0565]
  ignore line: [/usr/bin/cmake -E cmake_link_script CMakeFiles/cmTC_e0565.dir/link.txt --verbose=1]
  ignore line: [/home/alex/toolchain/aarch64-buildroot-linux-gnu_sdk-buildroot-rk3576/bin/aarch64-buildroot-linux-gnu-g++      -v CMakeFiles/cmTC_e0565.dir/CMakeCXXCompilerABI.cpp.o  -o cmTC_e0565 ]
  ignore line: [Using built-in specs.]
  ignore line: [COLLECT_GCC=/home/alex/toolchain/aarch64-buildroot-linux-gnu_sdk-buildroot-rk3576/bin/aarch64-buildroot-linux-gnu-g++.br_real]
  ignore line: [COLLECT_LTO_WRAPPER=/home/alex/toolchain/aarch64-buildroot-linux-gnu_sdk-buildroot-rk3576/bin/../libexec/gcc/aarch64-buildroot-linux-gnu/12.3.0/lto-wrapper]
  ignore line: [Target: aarch64-buildroot-linux-gnu]
  ignore line: [Configured with: ./configure --prefix=/home/luke/onduty/t2081/buildroot/output/rockchip_rk3576_eufy/host --sysconfdir=/home/luke/onduty/t2081/buildroot/output/rockchip_rk3576_eufy/host/etc --enable-static --target=aarch64-buildroot-linux-gnu --with-sysroot=/home/luke/onduty/t2081/buildroot/output/rockchip_rk3576_eufy/host/aarch64-buildroot-linux-gnu/sysroot --enable-__cxa_atexit --with-gnu-ld --disable-libssp --disable-multilib --disable-decimal-float --enable-plugins --enable-lto --with-gmp=/home/luke/onduty/t2081/buildroot/output/rockchip_rk3576_eufy/host --with-mpc=/home/luke/onduty/t2081/buildroot/output/rockchip_rk3576_eufy/host --with-mpfr=/home/luke/onduty/t2081/buildroot/output/rockchip_rk3576_eufy/host --with-pkgversion='Buildroot -g7ed3d36905-dirty' --with-bugurl=http://bugs.buildroot.net/ --without-zstd --disable-libquadmath --disable-libquadmath-support --enable-tls --enable-threads --without-isl --without-cloog --with-abi=lp64 --with-cpu=cortex-a72.cortex-a53 --enable-languages=c,c++ --with-build-time-tools=/home/luke/onduty/t2081/buildroot/output/rockchip_rk3576_eufy/host/aarch64-buildroot-linux-gnu/bin --enable-shared --enable-libgomp]
  ignore line: [Thread model: posix]
  ignore line: [Supported LTO compression algorithms: zlib]
  ignore line: [gcc version 12.3.0 (Buildroot -g7ed3d36905-dirty) ]
  ignore line: [COMPILER_PATH=/home/alex/toolchain/aarch64-buildroot-linux-gnu_sdk-buildroot-rk3576/bin/../libexec/gcc/aarch64-buildroot-linux-gnu/12.3.0/:/home/alex/toolchain/aarch64-buildroot-linux-gnu_sdk-buildroot-rk3576/bin/../libexec/gcc/:/home/alex/toolchain/aarch64-buildroot-linux-gnu_sdk-buildroot-rk3576/bin/../lib/gcc/aarch64-buildroot-linux-gnu/12.3.0/../../../../aarch64-buildroot-linux-gnu/bin/]
  ignore line: [LIBRARY_PATH=/home/alex/toolchain/aarch64-buildroot-linux-gnu_sdk-buildroot-rk3576/bin/../lib/gcc/aarch64-buildroot-linux-gnu/12.3.0/:/home/alex/toolchain/aarch64-buildroot-linux-gnu_sdk-buildroot-rk3576/bin/../lib/gcc/:/home/alex/toolchain/aarch64-buildroot-linux-gnu_sdk-buildroot-rk3576/bin/../lib/gcc/aarch64-buildroot-linux-gnu/12.3.0/../../../../aarch64-buildroot-linux-gnu/lib/../lib64/:/home/alex/toolchain/aarch64-buildroot-linux-gnu_sdk-buildroot-rk3576/aarch64-buildroot-linux-gnu/sysroot/lib/../lib64/:/home/alex/toolchain/aarch64-buildroot-linux-gnu_sdk-buildroot-rk3576/aarch64-buildroot-linux-gnu/sysroot/usr/lib/../lib64/:/home/alex/toolchain/aarch64-buildroot-linux-gnu_sdk-buildroot-rk3576/bin/../lib/gcc/aarch64-buildroot-linux-gnu/12.3.0/../../../../aarch64-buildroot-linux-gnu/lib/:/home/alex/toolchain/aarch64-buildroot-linux-gnu_sdk-buildroot-rk3576/aarch64-buildroot-linux-gnu/sysroot/lib/:/home/alex/toolchain/aarch64-buildroot-linux-gnu_sdk-buildroot-rk3576/aarch64-buildroot-linux-gnu/sysroot/usr/lib/]
  ignore line: [COLLECT_GCC_OPTIONS='--sysroot=/home/alex/toolchain/aarch64-buildroot-linux-gnu_sdk-buildroot-rk3576/aarch64-buildroot-linux-gnu/sysroot' '-fstack-protector-strong' '-fPIE' '-pie' '-v' '-o' 'cmTC_e0565' '-shared-libgcc' '-mcpu=cortex-a72.cortex-a53' '-mlittle-endian' '-mabi=lp64' '-dumpdir' 'cmTC_e0565.']
  link line: [ /home/alex/toolchain/aarch64-buildroot-linux-gnu_sdk-buildroot-rk3576/bin/../libexec/gcc/aarch64-buildroot-linux-gnu/12.3.0/collect2 -plugin /home/alex/toolchain/aarch64-buildroot-linux-gnu_sdk-buildroot-rk3576/bin/../libexec/gcc/aarch64-buildroot-linux-gnu/12.3.0/liblto_plugin.so -plugin-opt=/home/alex/toolchain/aarch64-buildroot-linux-gnu_sdk-buildroot-rk3576/bin/../libexec/gcc/aarch64-buildroot-linux-gnu/12.3.0/lto-wrapper -plugin-opt=-fresolution=/tmp/ccahkH2I.res -plugin-opt=-pass-through=-lgcc_s -plugin-opt=-pass-through=-lgcc -plugin-opt=-pass-through=-lc -plugin-opt=-pass-through=-lgcc_s -plugin-opt=-pass-through=-lgcc --sysroot=/home/alex/toolchain/aarch64-buildroot-linux-gnu_sdk-buildroot-rk3576/aarch64-buildroot-linux-gnu/sysroot --eh-frame-hdr -dynamic-linker /lib/ld-linux-aarch64.so.1 -X -EL -maarch64linux -pie -o cmTC_e0565 /home/alex/toolchain/aarch64-buildroot-linux-gnu_sdk-buildroot-rk3576/aarch64-buildroot-linux-gnu/sysroot/lib/../lib64/Scrt1.o /home/alex/toolchain/aarch64-buildroot-linux-gnu_sdk-buildroot-rk3576/aarch64-buildroot-linux-gnu/sysroot/lib/../lib64/crti.o /home/alex/toolchain/aarch64-buildroot-linux-gnu_sdk-buildroot-rk3576/bin/../lib/gcc/aarch64-buildroot-linux-gnu/12.3.0/crtbeginS.o -L/home/alex/toolchain/aarch64-buildroot-linux-gnu_sdk-buildroot-rk3576/bin/../lib/gcc/aarch64-buildroot-linux-gnu/12.3.0 -L/home/alex/toolchain/aarch64-buildroot-linux-gnu_sdk-buildroot-rk3576/bin/../lib/gcc -L/home/alex/toolchain/aarch64-buildroot-linux-gnu_sdk-buildroot-rk3576/bin/../lib/gcc/aarch64-buildroot-linux-gnu/12.3.0/../../../../aarch64-buildroot-linux-gnu/lib/../lib64 -L/home/alex/toolchain/aarch64-buildroot-linux-gnu_sdk-buildroot-rk3576/aarch64-buildroot-linux-gnu/sysroot/lib/../lib64 -L/home/alex/toolchain/aarch64-buildroot-linux-gnu_sdk-buildroot-rk3576/aarch64-buildroot-linux-gnu/sysroot/usr/lib/../lib64 -L/home/alex/toolchain/aarch64-buildroot-linux-gnu_sdk-buildroot-rk3576/bin/../lib/gcc/aarch64-buildroot-linux-gnu/12.3.0/../../../../aarch64-buildroot-linux-gnu/lib -L/home/alex/toolchain/aarch64-buildroot-linux-gnu_sdk-buildroot-rk3576/aarch64-buildroot-linux-gnu/sysroot/lib -L/home/alex/toolchain/aarch64-buildroot-linux-gnu_sdk-buildroot-rk3576/aarch64-buildroot-linux-gnu/sysroot/usr/lib -z max-page-size=4096 -z common-page-size=4096 -z now -z relro CMakeFiles/cmTC_e0565.dir/CMakeCXXCompilerABI.cpp.o -lstdc++ -lm -lgcc_s -lgcc -lc -lgcc_s -lgcc /home/alex/toolchain/aarch64-buildroot-linux-gnu_sdk-buildroot-rk3576/bin/../lib/gcc/aarch64-buildroot-linux-gnu/12.3.0/crtendS.o /home/alex/toolchain/aarch64-buildroot-linux-gnu_sdk-buildroot-rk3576/aarch64-buildroot-linux-gnu/sysroot/lib/../lib64/crtn.o]
    arg [/home/alex/toolchain/aarch64-buildroot-linux-gnu_sdk-buildroot-rk3576/bin/../libexec/gcc/aarch64-buildroot-linux-gnu/12.3.0/collect2] ==> ignore
    arg [-plugin] ==> ignore
    arg [/home/alex/toolchain/aarch64-buildroot-linux-gnu_sdk-buildroot-rk3576/bin/../libexec/gcc/aarch64-buildroot-linux-gnu/12.3.0/liblto_plugin.so] ==> ignore
    arg [-plugin-opt=/home/alex/toolchain/aarch64-buildroot-linux-gnu_sdk-buildroot-rk3576/bin/../libexec/gcc/aarch64-buildroot-linux-gnu/12.3.0/lto-wrapper] ==> ignore
    arg [-plugin-opt=-fresolution=/tmp/ccahkH2I.res] ==> ignore
    arg [-plugin-opt=-pass-through=-lgcc_s] ==> ignore
    arg [-plugin-opt=-pass-through=-lgcc] ==> ignore
    arg [-plugin-opt=-pass-through=-lc] ==> ignore
    arg [-plugin-opt=-pass-through=-lgcc_s] ==> ignore
    arg [-plugin-opt=-pass-through=-lgcc] ==> ignore
    arg [--sysroot=/home/alex/toolchain/aarch64-buildroot-linux-gnu_sdk-buildroot-rk3576/aarch64-buildroot-linux-gnu/sysroot] ==> ignore
    arg [--eh-frame-hdr] ==> ignore
    arg [-dynamic-linker] ==> ignore
    arg [/lib/ld-linux-aarch64.so.1] ==> ignore
    arg [-X] ==> ignore
    arg [-EL] ==> ignore
    arg [-maarch64linux] ==> ignore
    arg [-pie] ==> ignore
    arg [-o] ==> ignore
    arg [cmTC_e0565] ==> ignore
    arg [/home/alex/toolchain/aarch64-buildroot-linux-gnu_sdk-buildroot-rk3576/aarch64-buildroot-linux-gnu/sysroot/lib/../lib64/Scrt1.o] ==> ignore
    arg [/home/alex/toolchain/aarch64-buildroot-linux-gnu_sdk-buildroot-rk3576/aarch64-buildroot-linux-gnu/sysroot/lib/../lib64/crti.o] ==> ignore
    arg [/home/alex/toolchain/aarch64-buildroot-linux-gnu_sdk-buildroot-rk3576/bin/../lib/gcc/aarch64-buildroot-linux-gnu/12.3.0/crtbeginS.o] ==> ignore
    arg [-L/home/alex/toolchain/aarch64-buildroot-linux-gnu_sdk-buildroot-rk3576/bin/../lib/gcc/aarch64-buildroot-linux-gnu/12.3.0] ==> dir [/home/alex/toolchain/aarch64-buildroot-linux-gnu_sdk-buildroot-rk3576/bin/../lib/gcc/aarch64-buildroot-linux-gnu/12.3.0]
    arg [-L/home/alex/toolchain/aarch64-buildroot-linux-gnu_sdk-buildroot-rk3576/bin/../lib/gcc] ==> dir [/home/alex/toolchain/aarch64-buildroot-linux-gnu_sdk-buildroot-rk3576/bin/../lib/gcc]
    arg [-L/home/alex/toolchain/aarch64-buildroot-linux-gnu_sdk-buildroot-rk3576/bin/../lib/gcc/aarch64-buildroot-linux-gnu/12.3.0/../../../../aarch64-buildroot-linux-gnu/lib/../lib64] ==> dir [/home/alex/toolchain/aarch64-buildroot-linux-gnu_sdk-buildroot-rk3576/bin/../lib/gcc/aarch64-buildroot-linux-gnu/12.3.0/../../../../aarch64-buildroot-linux-gnu/lib/../lib64]
    arg [-L/home/alex/toolchain/aarch64-buildroot-linux-gnu_sdk-buildroot-rk3576/aarch64-buildroot-linux-gnu/sysroot/lib/../lib64] ==> dir [/home/alex/toolchain/aarch64-buildroot-linux-gnu_sdk-buildroot-rk3576/aarch64-buildroot-linux-gnu/sysroot/lib/../lib64]
    arg [-L/home/alex/toolchain/aarch64-buildroot-linux-gnu_sdk-buildroot-rk3576/aarch64-buildroot-linux-gnu/sysroot/usr/lib/../lib64] ==> dir [/home/alex/toolchain/aarch64-buildroot-linux-gnu_sdk-buildroot-rk3576/aarch64-buildroot-linux-gnu/sysroot/usr/lib/../lib64]
    arg [-L/home/alex/toolchain/aarch64-buildroot-linux-gnu_sdk-buildroot-rk3576/bin/../lib/gcc/aarch64-buildroot-linux-gnu/12.3.0/../../../../aarch64-buildroot-linux-gnu/lib] ==> dir [/home/alex/toolchain/aarch64-buildroot-linux-gnu_sdk-buildroot-rk3576/bin/../lib/gcc/aarch64-buildroot-linux-gnu/12.3.0/../../../../aarch64-buildroot-linux-gnu/lib]
    arg [-L/home/alex/toolchain/aarch64-buildroot-linux-gnu_sdk-buildroot-rk3576/aarch64-buildroot-linux-gnu/sysroot/lib] ==> dir [/home/alex/toolchain/aarch64-buildroot-linux-gnu_sdk-buildroot-rk3576/aarch64-buildroot-linux-gnu/sysroot/lib]
    arg [-L/home/alex/toolchain/aarch64-buildroot-linux-gnu_sdk-buildroot-rk3576/aarch64-buildroot-linux-gnu/sysroot/usr/lib] ==> dir [/home/alex/toolchain/aarch64-buildroot-linux-gnu_sdk-buildroot-rk3576/aarch64-buildroot-linux-gnu/sysroot/usr/lib]
    arg [-zmax-page-size=4096] ==> ignore
    arg [-zcommon-page-size=4096] ==> ignore
    arg [-znow] ==> ignore
    arg [-zrelro] ==> ignore
    arg [CMakeFiles/cmTC_e0565.dir/CMakeCXXCompilerABI.cpp.o] ==> ignore
    arg [-lstdc++] ==> lib [stdc++]
    arg [-lm] ==> lib [m]
    arg [-lgcc_s] ==> lib [gcc_s]
    arg [-lgcc] ==> lib [gcc]
    arg [-lc] ==> lib [c]
    arg [-lgcc_s] ==> lib [gcc_s]
    arg [-lgcc] ==> lib [gcc]
    arg [/home/alex/toolchain/aarch64-buildroot-linux-gnu_sdk-buildroot-rk3576/bin/../lib/gcc/aarch64-buildroot-linux-gnu/12.3.0/crtendS.o] ==> ignore
    arg [/home/alex/toolchain/aarch64-buildroot-linux-gnu_sdk-buildroot-rk3576/aarch64-buildroot-linux-gnu/sysroot/lib/../lib64/crtn.o] ==> ignore
  collapse library dir [/home/alex/toolchain/aarch64-buildroot-linux-gnu_sdk-buildroot-rk3576/bin/../lib/gcc/aarch64-buildroot-linux-gnu/12.3.0] ==> [/home/alex/toolchain/aarch64-buildroot-linux-gnu_sdk-buildroot-rk3576/lib/gcc/aarch64-buildroot-linux-gnu/12.3.0]
  collapse library dir [/home/alex/toolchain/aarch64-buildroot-linux-gnu_sdk-buildroot-rk3576/bin/../lib/gcc] ==> [/home/alex/toolchain/aarch64-buildroot-linux-gnu_sdk-buildroot-rk3576/lib/gcc]
  collapse library dir [/home/alex/toolchain/aarch64-buildroot-linux-gnu_sdk-buildroot-rk3576/bin/../lib/gcc/aarch64-buildroot-linux-gnu/12.3.0/../../../../aarch64-buildroot-linux-gnu/lib/../lib64] ==> [/home/alex/toolchain/aarch64-buildroot-linux-gnu_sdk-buildroot-rk3576/aarch64-buildroot-linux-gnu/lib64]
  collapse library dir [/home/alex/toolchain/aarch64-buildroot-linux-gnu_sdk-buildroot-rk3576/aarch64-buildroot-linux-gnu/sysroot/lib/../lib64] ==> [/home/alex/toolchain/aarch64-buildroot-linux-gnu_sdk-buildroot-rk3576/aarch64-buildroot-linux-gnu/sysroot/lib64]
  collapse library dir [/home/alex/toolchain/aarch64-buildroot-linux-gnu_sdk-buildroot-rk3576/aarch64-buildroot-linux-gnu/sysroot/usr/lib/../lib64] ==> [/home/alex/toolchain/aarch64-buildroot-linux-gnu_sdk-buildroot-rk3576/aarch64-buildroot-linux-gnu/sysroot/usr/lib64]
  collapse library dir [/home/alex/toolchain/aarch64-buildroot-linux-gnu_sdk-buildroot-rk3576/bin/../lib/gcc/aarch64-buildroot-linux-gnu/12.3.0/../../../../aarch64-buildroot-linux-gnu/lib] ==> [/home/alex/toolchain/aarch64-buildroot-linux-gnu_sdk-buildroot-rk3576/aarch64-buildroot-linux-gnu/lib]
  collapse library dir [/home/alex/toolchain/aarch64-buildroot-linux-gnu_sdk-buildroot-rk3576/aarch64-buildroot-linux-gnu/sysroot/lib] ==> [/home/alex/toolchain/aarch64-buildroot-linux-gnu_sdk-buildroot-rk3576/aarch64-buildroot-linux-gnu/sysroot/lib]
  collapse library dir [/home/alex/toolchain/aarch64-buildroot-linux-gnu_sdk-buildroot-rk3576/aarch64-buildroot-linux-gnu/sysroot/usr/lib] ==> [/home/alex/toolchain/aarch64-buildroot-linux-gnu_sdk-buildroot-rk3576/aarch64-buildroot-linux-gnu/sysroot/usr/lib]
  implicit libs: [stdc++;m;gcc_s;gcc;c;gcc_s;gcc]
  implicit dirs: [/home/alex/toolchain/aarch64-buildroot-linux-gnu_sdk-buildroot-rk3576/lib/gcc/aarch64-buildroot-linux-gnu/12.3.0;/home/alex/toolchain/aarch64-buildroot-linux-gnu_sdk-buildroot-rk3576/lib/gcc;/home/alex/toolchain/aarch64-buildroot-linux-gnu_sdk-buildroot-rk3576/aarch64-buildroot-linux-gnu/lib64;/home/alex/toolchain/aarch64-buildroot-linux-gnu_sdk-buildroot-rk3576/aarch64-buildroot-linux-gnu/sysroot/lib64;/home/alex/toolchain/aarch64-buildroot-linux-gnu_sdk-buildroot-rk3576/aarch64-buildroot-linux-gnu/sysroot/usr/lib64;/home/alex/toolchain/aarch64-buildroot-linux-gnu_sdk-buildroot-rk3576/aarch64-buildroot-linux-gnu/lib;/home/alex/toolchain/aarch64-buildroot-linux-gnu_sdk-buildroot-rk3576/aarch64-buildroot-linux-gnu/sysroot/lib;/home/alex/toolchain/aarch64-buildroot-linux-gnu_sdk-buildroot-rk3576/aarch64-buildroot-linux-gnu/sysroot/usr/lib]
  implicit fwks: []


